2026-01-22 10:27:29,011 [Worker-4: Loading available Gradle versions] INFO  o.e.b.c.i.u.g.PublishedGradleVersions - Gradle version information cache is not available. Remote download required.
2026-01-22 10:29:59,959 [Worker-9: Import Getting Started Content] INFO  o.e.m.c.i.l.LifecycleMappingFactory - Using org.eclipse.m2e.jdt.JarLifecycleMapping lifecycle mapping for MavenProject: com.example:SessionAndBooking:0.0.1-SNAPSHOT @ C:\Users\rohit\OneDrive\Desktop\SessionAndBookingService\SessionAndBooking\pom.xml.
2026-01-22 10:30:01,907 [Worker-9: Import Getting Started Content] INFO  o.e.m.j.i.AbstractJavaProjectConfigurator - Adding source folder /SessionAndBooking/src/main/java
2026-01-22 10:30:01,910 [Worker-9: Import Getting Started Content] INFO  o.e.m.j.i.AbstractJavaProjectConfigurator - Adding resource folder /SessionAndBooking/src/main/resources
2026-01-22 10:30:01,919 [Worker-9: Import Getting Started Content] INFO  o.e.m.j.i.AbstractJavaProjectConfigurator - Adding resource folder /SessionAndBooking/src/main/resources
2026-01-22 10:30:01,927 [Worker-9: Import Getting Started Content] INFO  o.e.m.j.i.AbstractJavaProjectConfigurator - Adding source folder /SessionAndBooking/src/test/java
2026-01-22 10:30:01,929 [Worker-9: Import Getting Started Content] INFO  o.e.m.j.i.AbstractJavaProjectConfigurator - Adding resource folder /SessionAndBooking/src/test/resources
2026-01-22 10:30:02,697 [Worker-9: Import Getting Started Content] INFO  o.e.m.c.i.p.ProjectConfigurationManager - Imported and configured 1 project(s) in 4 sec
2026-01-22 10:30:02,702 [Worker-9: Import Getting Started Content] INFO  o.e.m.c.i.p.ProjectConfigurationManager - Update started
2026-01-22 10:30:03,097 [Worker-9: Import Getting Started Content] INFO  o.e.m.c.i.l.LifecycleMappingFactory - Using org.eclipse.m2e.jdt.JarLifecycleMapping lifecycle mapping for MavenProject: com.example:SessionAndBooking:0.0.1-SNAPSHOT @ C:\Users\rohit\OneDrive\Desktop\SessionAndBookingService\SessionAndBooking\pom.xml.
2026-01-22 10:30:04,421 [Worker-9: Import Getting Started Content] INFO  o.e.m.j.i.AbstractJavaProjectConfigurator - Adding source folder /SessionAndBooking/src/main/java
2026-01-22 10:30:04,423 [Worker-9: Import Getting Started Content] INFO  o.e.m.j.i.AbstractJavaProjectConfigurator - Adding resource folder /SessionAndBooking/src/main/resources
2026-01-22 10:30:04,425 [Worker-9: Import Getting Started Content] INFO  o.e.m.j.i.AbstractJavaProjectConfigurator - Adding resource folder /SessionAndBooking/src/main/resources
2026-01-22 10:30:04,426 [Worker-9: Import Getting Started Content] INFO  o.e.m.j.i.AbstractJavaProjectConfigurator - Adding source folder /SessionAndBooking/src/test/java
2026-01-22 10:30:04,427 [Worker-9: Import Getting Started Content] INFO  o.e.m.j.i.AbstractJavaProjectConfigurator - Adding resource folder /SessionAndBooking/src/test/resources
2026-01-22 10:30:05,487 [Worker-9: Import Getting Started Content] INFO  o.e.m.c.i.p.ProjectConfigurationManager - Update completed for 1 poms: local refresh takes 0.00 sec, refresh facades takes 1.00 sec, update config takes 0.00 sec 
2026-01-22 10:30:05,585 [Worker-12: Updating Maven Project] INFO  o.e.m.c.i.p.ProjectConfigurationManager - Update started
2026-01-22 10:30:06,239 [Worker-12: Updating Maven Project] INFO  o.e.m.c.i.l.LifecycleMappingFactory - Using org.eclipse.m2e.jdt.JarLifecycleMapping lifecycle mapping for MavenProject: com.example:SessionAndBooking:0.0.1-SNAPSHOT @ C:\Users\rohit\OneDrive\Desktop\SessionAndBookingService\SessionAndBooking\pom.xml.
2026-01-22 10:30:07,393 [Worker-12: Updating Maven Project] INFO  o.e.m.j.i.AbstractJavaProjectConfigurator - Adding source folder /SessionAndBooking/src/main/java
2026-01-22 10:30:07,394 [Worker-12: Updating Maven Project] INFO  o.e.m.j.i.AbstractJavaProjectConfigurator - Adding resource folder /SessionAndBooking/src/main/resources
2026-01-22 10:30:07,395 [Worker-12: Updating Maven Project] INFO  o.e.m.j.i.AbstractJavaProjectConfigurator - Adding resource folder /SessionAndBooking/src/main/resources
2026-01-22 10:30:07,395 [Worker-12: Updating Maven Project] INFO  o.e.m.j.i.AbstractJavaProjectConfigurator - Adding source folder /SessionAndBooking/src/test/java
2026-01-22 10:30:07,397 [Worker-12: Updating Maven Project] INFO  o.e.m.j.i.AbstractJavaProjectConfigurator - Adding resource folder /SessionAndBooking/src/test/resources
2026-01-22 10:30:07,904 [Worker-12: Updating Maven Project] INFO  o.e.m.c.i.p.ProjectConfigurationManager - Update completed for 1 poms: local refresh takes 0.00 sec, refresh facades takes 1.00 sec, update config takes 0.00 sec 
2026-01-22 10:30:09,550 [Worker-17: Building] INFO  o.a.m.s.f.DefaultMavenResourcesFiltering - Copying 1 resource from src\main\resources to target\classes
2026-01-22 10:30:09,581 [Worker-17: Building] INFO  o.a.m.s.f.DefaultMavenResourcesFiltering - Copying 0 resource from src\main\resources to target\classes
2026-01-22 10:30:09,591 [Worker-17: Building] INFO  o.a.m.s.f.DefaultMavenResourcesFiltering - skip non existing resourceDirectory C:\Users\rohit\OneDrive\Desktop\SessionAndBookingService\SessionAndBooking\src\test\resources
