2026-01-22 10:12:38,986 [Worker-7: Loading available Gradle versions] INFO  o.e.b.c.i.u.g.PublishedGradleVersions - Gradle version information cache is not available. Remote download required.
2026-01-22 10:19:15,306 [Worker-27: Import Getting Started Content] INFO  o.e.m.c.i.l.LifecycleMappingFactory - Using org.eclipse.m2e.jdt.JarLifecycleMapping lifecycle mapping for MavenProject: com.example:UserAndSkill:0.0.1-SNAPSHOT @ D:\RESTapi\UserAndSkillService\UserAndSkill\pom.xml.
2026-01-22 10:19:26,074 [Worker-27: Import Getting Started Content] INFO  o.e.m.j.i.AbstractJavaProjectConfigurator - Adding source folder /UserAndSkill/src/main/java
2026-01-22 10:19:26,077 [Worker-27: Import Getting Started Content] INFO  o.e.m.j.i.AbstractJavaProjectConfigurator - Adding resource folder /UserAndSkill/src/main/resources
2026-01-22 10:19:26,096 [Worker-27: Import Getting Started Content] INFO  o.e.m.j.i.AbstractJavaProjectConfigurator - Adding resource folder /UserAndSkill/src/main/resources
2026-01-22 10:19:26,111 [Worker-27: Import Getting Started Content] INFO  o.e.m.j.i.AbstractJavaProjectConfigurator - Adding source folder /UserAndSkill/src/test/java
2026-01-22 10:19:26,113 [Worker-27: Import Getting Started Content] INFO  o.e.m.j.i.AbstractJavaProjectConfigurator - Adding resource folder /UserAndSkill/src/test/resources
2026-01-22 10:19:27,106 [Worker-27: Import Getting Started Content] INFO  o.e.m.c.i.p.ProjectConfigurationManager - Imported and configured 1 project(s) in 20 sec
2026-01-22 10:19:27,111 [Worker-27: Import Getting Started Content] INFO  o.e.m.c.i.p.ProjectConfigurationManager - Update started
2026-01-22 10:19:27,826 [Worker-27: Import Getting Started Content] INFO  o.e.m.c.i.l.LifecycleMappingFactory - Using org.eclipse.m2e.jdt.JarLifecycleMapping lifecycle mapping for MavenProject: com.example:UserAndSkill:0.0.1-SNAPSHOT @ D:\RESTapi\UserAndSkillService\UserAndSkill\pom.xml.
2026-01-22 10:19:29,699 [Worker-27: Import Getting Started Content] INFO  o.e.m.j.i.AbstractJavaProjectConfigurator - Adding source folder /UserAndSkill/src/main/java
2026-01-22 10:19:29,699 [Worker-27: Import Getting Started Content] INFO  o.e.m.j.i.AbstractJavaProjectConfigurator - Adding resource folder /UserAndSkill/src/main/resources
2026-01-22 10:19:29,701 [Worker-27: Import Getting Started Content] INFO  o.e.m.j.i.AbstractJavaProjectConfigurator - Adding resource folder /UserAndSkill/src/main/resources
2026-01-22 10:19:29,701 [Worker-27: Import Getting Started Content] INFO  o.e.m.j.i.AbstractJavaProjectConfigurator - Adding source folder /UserAndSkill/src/test/java
2026-01-22 10:19:29,703 [Worker-27: Import Getting Started Content] INFO  o.e.m.j.i.AbstractJavaProjectConfigurator - Adding resource folder /UserAndSkill/src/test/resources
2026-01-22 10:19:30,716 [Worker-27: Import Getting Started Content] INFO  o.e.m.c.i.p.ProjectConfigurationManager - Update completed for 1 poms: local refresh takes 0.00 sec, refresh facades takes 2.00 sec, update config takes 0.00 sec 
2026-01-22 10:19:31,952 [Worker-31: Building] INFO  o.a.m.s.f.DefaultMavenResourcesFiltering - Copying 1 resource from src\main\resources to target\classes
2026-01-22 10:19:31,979 [Worker-31: Building] INFO  o.a.m.s.f.DefaultMavenResourcesFiltering - Copying 0 resource from src\main\resources to target\classes
2026-01-22 10:19:31,986 [Worker-31: Building] INFO  o.a.m.s.f.DefaultMavenResourcesFiltering - skip non existing resourceDirectory D:\RESTapi\UserAndSkillService\UserAndSkill\src\test\resources
2026-01-22 10:34:46,578 [Worker-7: Loading available Gradle versions] INFO  o.e.b.c.i.u.g.PublishedGradleVersions - Gradle version information cache is not available. Remote download required.
2026-01-22 10:56:17,488 [Worker-33: Building] INFO  o.e.m.c.i.l.LifecycleMappingFactory - Using org.eclipse.m2e.jdt.JarLifecycleMapping lifecycle mapping for MavenProject: com.example:UserAndSkill:0.0.1-SNAPSHOT @ D:\RESTapi\UserAndSkillService\UserAndSkill\pom.xml.
2026-01-22 10:56:18,941 [Worker-33: Building] INFO  o.a.m.s.f.DefaultMavenResourcesFiltering - Copying 1 resource from src\main\resources to target\classes
2026-01-22 10:56:18,978 [Worker-33: Building] INFO  o.a.m.s.f.DefaultMavenResourcesFiltering - Copying 0 resource from src\main\resources to target\classes
2026-01-22 10:56:18,993 [Worker-33: Building] INFO  o.a.m.s.f.DefaultMavenResourcesFiltering - skip non existing resourceDirectory D:\RESTapi\UserAndSkillService\UserAndSkill\src\test\resources
2026-01-22 10:56:21,639 [Worker-32: Building] INFO  o.a.m.s.f.DefaultMavenResourcesFiltering - Copying 1 resource from src\main\resources to target\classes
2026-01-22 10:56:21,650 [Worker-32: Building] INFO  o.a.m.s.f.DefaultMavenResourcesFiltering - Copying 0 resource from src\main\resources to target\classes
2026-01-22 10:56:21,655 [Worker-32: Building] INFO  o.a.m.s.f.DefaultMavenResourcesFiltering - skip non existing resourceDirectory D:\RESTapi\UserAndSkillService\UserAndSkill\src\test\resources
2026-01-22 10:57:40,978 [Worker-35: Building] INFO  o.a.m.s.f.DefaultMavenResourcesFiltering - Copying 1 resource from src\main\resources to target\classes
2026-01-22 10:57:40,985 [Worker-35: Building] INFO  o.a.m.s.f.DefaultMavenResourcesFiltering - Copying 0 resource from src\main\resources to target\classes
2026-01-22 10:57:40,991 [Worker-35: Building] INFO  o.a.m.s.f.DefaultMavenResourcesFiltering - skip non existing resourceDirectory D:\RESTapi\UserAndSkillService\UserAndSkill\src\test\resources
2026-01-22 10:58:57,582 [Worker-5: Building] INFO  o.a.m.s.f.DefaultMavenResourcesFiltering - Copying 1 resource from src\main\resources to target\classes
2026-01-22 10:58:57,586 [Worker-5: Building] INFO  o.a.m.s.f.DefaultMavenResourcesFiltering - Copying 0 resource from src\main\resources to target\classes
2026-01-22 10:58:57,593 [Worker-5: Building] INFO  o.a.m.s.f.DefaultMavenResourcesFiltering - skip non existing resourceDirectory D:\RESTapi\UserAndSkillService\UserAndSkill\src\test\resources
2026-01-22 10:59:32,231 [Worker-5: Building] INFO  o.a.m.s.f.DefaultMavenResourcesFiltering - Copying 1 resource from src\main\resources to target\classes
2026-01-22 10:59:32,237 [Worker-5: Building] INFO  o.a.m.s.f.DefaultMavenResourcesFiltering - Copying 0 resource from src\main\resources to target\classes
2026-01-22 10:59:32,244 [Worker-5: Building] INFO  o.a.m.s.f.DefaultMavenResourcesFiltering - skip non existing resourceDirectory D:\RESTapi\UserAndSkillService\UserAndSkill\src\test\resources
2026-01-22 10:59:37,796 [Worker-31: Building] INFO  o.a.m.s.f.DefaultMavenResourcesFiltering - Copying 1 resource from src\main\resources to target\classes
2026-01-22 10:59:37,802 [Worker-31: Building] INFO  o.a.m.s.f.DefaultMavenResourcesFiltering - Copying 0 resource from src\main\resources to target\classes
2026-01-22 10:59:37,810 [Worker-31: Building] INFO  o.a.m.s.f.DefaultMavenResourcesFiltering - skip non existing resourceDirectory D:\RESTapi\UserAndSkillService\UserAndSkill\src\test\resources
2026-01-22 10:59:39,261 [Worker-32: Building] INFO  o.a.m.s.f.DefaultMavenResourcesFiltering - Copying 1 resource from src\main\resources to target\classes
2026-01-22 10:59:39,265 [Worker-32: Building] INFO  o.a.m.s.f.DefaultMavenResourcesFiltering - Copying 0 resource from src\main\resources to target\classes
2026-01-22 10:59:39,271 [Worker-32: Building] INFO  o.a.m.s.f.DefaultMavenResourcesFiltering - skip non existing resourceDirectory D:\RESTapi\UserAndSkillService\UserAndSkill\src\test\resources
2026-01-22 10:59:42,770 [Worker-33: Building] INFO  o.a.m.s.f.DefaultMavenResourcesFiltering - Copying 1 resource from src\main\resources to target\classes
2026-01-22 10:59:42,797 [Worker-33: Building] INFO  o.a.m.s.f.DefaultMavenResourcesFiltering - Copying 0 resource from src\main\resources to target\classes
2026-01-22 10:59:42,809 [Worker-33: Building] INFO  o.a.m.s.f.DefaultMavenResourcesFiltering - skip non existing resourceDirectory D:\RESTapi\UserAndSkillService\UserAndSkill\src\test\resources
2026-01-22 10:59:51,368 [Worker-31: Building] INFO  o.a.m.s.f.DefaultMavenResourcesFiltering - Copying 1 resource from src\main\resources to target\classes
2026-01-22 10:59:51,371 [Worker-31: Building] INFO  o.a.m.s.f.DefaultMavenResourcesFiltering - Copying 0 resource from src\main\resources to target\classes
2026-01-22 10:59:51,376 [Worker-31: Building] INFO  o.a.m.s.f.DefaultMavenResourcesFiltering - skip non existing resourceDirectory D:\RESTapi\UserAndSkillService\UserAndSkill\src\test\resources
2026-01-22 11:00:32,493 [Worker-31: Building] INFO  o.a.m.s.f.DefaultMavenResourcesFiltering - Copying 1 resource from src\main\resources to target\classes
2026-01-22 11:00:32,517 [Worker-31: Building] INFO  o.a.m.s.f.DefaultMavenResourcesFiltering - Copying 0 resource from src\main\resources to target\classes
2026-01-22 11:00:32,531 [Worker-31: Building] INFO  o.a.m.s.f.DefaultMavenResourcesFiltering - skip non existing resourceDirectory D:\RESTapi\UserAndSkillService\UserAndSkill\src\test\resources
2026-01-22 11:00:49,727 [Start Help Server] INFO  org.eclipse.jetty.server.Server - jetty-12.0.21; built: 2025-05-09T00:32:00.688Z; git: 1c4719601e31b05b7d68910d2edd980259f1f53c; jvm 21.0.7+6-LTS
2026-01-22 11:00:49,856 [Start Help Server] INFO  o.e.j.server.handler.ContextHandler - Started oeje8n.ContextHandler$CoreContextHandler@55bb1a4e{/help,/help,b=null,a=AVAILABLE,h=oeje8n.ContextHandler$CoreContextHandler$CoreToNestedHandler@3eb34fc3{STARTED}}
2026-01-22 11:00:49,857 [Start Help Server] INFO  o.e.j.s.DefaultSessionIdManager - Session workerName=node0
2026-01-22 11:00:49,912 [Start Help Server] INFO  o.e.jetty.server.AbstractConnector - Started ServerConnector@41be9972{HTTP/1.1, (http/1.1)}{127.0.0.1:51687}
2026-01-22 11:00:49,945 [Start Help Server] INFO  org.eclipse.jetty.server.Server - Started oejs.Server@49a9d9c3{STARTING}[12.0.21,sto=0] @1596236ms
2026-01-22 11:02:02,194 [Worker-32: Building] INFO  o.a.m.s.f.DefaultMavenResourcesFiltering - Copying 1 resource from src\main\resources to target\classes
2026-01-22 11:02:02,205 [Worker-32: Building] INFO  o.a.m.s.f.DefaultMavenResourcesFiltering - Copying 0 resource from src\main\resources to target\classes
2026-01-22 11:02:02,211 [Worker-32: Building] INFO  o.a.m.s.f.DefaultMavenResourcesFiltering - skip non existing resourceDirectory D:\RESTapi\UserAndSkillService\UserAndSkill\src\test\resources
2026-01-22 11:02:07,094 [Worker-35: Building] INFO  o.a.m.s.f.DefaultMavenResourcesFiltering - Copying 1 resource from src\main\resources to target\classes
2026-01-22 11:02:07,133 [Worker-35: Building] INFO  o.a.m.s.f.DefaultMavenResourcesFiltering - Copying 0 resource from src\main\resources to target\classes
2026-01-22 11:02:07,167 [Worker-35: Building] INFO  o.a.m.s.f.DefaultMavenResourcesFiltering - skip non existing resourceDirectory D:\RESTapi\UserAndSkillService\UserAndSkill\src\test\resources
2026-01-22 11:02:30,453 [Worker-35: Building] INFO  o.a.m.s.f.DefaultMavenResourcesFiltering - Copying 1 resource from src\main\resources to target\classes
2026-01-22 11:02:30,485 [Worker-35: Building] INFO  o.a.m.s.f.DefaultMavenResourcesFiltering - Copying 0 resource from src\main\resources to target\classes
2026-01-22 11:02:30,499 [Worker-35: Building] INFO  o.a.m.s.f.DefaultMavenResourcesFiltering - skip non existing resourceDirectory D:\RESTapi\UserAndSkillService\UserAndSkill\src\test\resources
2026-01-22 11:02:54,492 [Worker-31: Building] INFO  o.a.m.s.f.DefaultMavenResourcesFiltering - Copying 1 resource from src\main\resources to target\classes
2026-01-22 11:02:54,498 [Worker-31: Building] INFO  o.a.m.s.f.DefaultMavenResourcesFiltering - Copying 0 resource from src\main\resources to target\classes
2026-01-22 11:02:54,505 [Worker-31: Building] INFO  o.a.m.s.f.DefaultMavenResourcesFiltering - skip non existing resourceDirectory D:\RESTapi\UserAndSkillService\UserAndSkill\src\test\resources
2026-01-22 11:03:16,374 [Worker-35: Building] INFO  o.a.m.s.f.DefaultMavenResourcesFiltering - Copying 1 resource from src\main\resources to target\classes
2026-01-22 11:03:16,378 [Worker-35: Building] INFO  o.a.m.s.f.DefaultMavenResourcesFiltering - Copying 0 resource from src\main\resources to target\classes
2026-01-22 11:03:16,382 [Worker-35: Building] INFO  o.a.m.s.f.DefaultMavenResourcesFiltering - skip non existing resourceDirectory D:\RESTapi\UserAndSkillService\UserAndSkill\src\test\resources
2026-01-22 11:03:46,053 [Worker-34: Building] INFO  o.a.m.s.f.DefaultMavenResourcesFiltering - Copying 1 resource from src\main\resources to target\classes
2026-01-22 11:03:46,094 [Worker-34: Building] INFO  o.a.m.s.f.DefaultMavenResourcesFiltering - Copying 0 resource from src\main\resources to target\classes
2026-01-22 11:03:46,106 [Worker-34: Building] INFO  o.a.m.s.f.DefaultMavenResourcesFiltering - skip non existing resourceDirectory D:\RESTapi\UserAndSkillService\UserAndSkill\src\test\resources
2026-01-22 11:04:54,043 [Worker-33: Building] INFO  o.a.m.s.f.DefaultMavenResourcesFiltering - Copying 1 resource from src\main\resources to target\classes
2026-01-22 11:04:54,049 [Worker-33: Building] INFO  o.a.m.s.f.DefaultMavenResourcesFiltering - Copying 0 resource from src\main\resources to target\classes
2026-01-22 11:04:54,055 [Worker-33: Building] INFO  o.a.m.s.f.DefaultMavenResourcesFiltering - skip non existing resourceDirectory D:\RESTapi\UserAndSkillService\UserAndSkill\src\test\resources
2026-01-22 11:05:40,322 [Worker-33: Building] INFO  o.a.m.s.f.DefaultMavenResourcesFiltering - Copying 1 resource from src\main\resources to target\classes
2026-01-22 11:05:40,351 [Worker-33: Building] INFO  o.a.m.s.f.DefaultMavenResourcesFiltering - Copying 0 resource from src\main\resources to target\classes
2026-01-22 11:05:40,357 [Worker-33: Building] INFO  o.a.m.s.f.DefaultMavenResourcesFiltering - skip non existing resourceDirectory D:\RESTapi\UserAndSkillService\UserAndSkill\src\test\resources
2026-01-22 11:05:56,054 [Worker-35: Building] INFO  o.a.m.s.f.DefaultMavenResourcesFiltering - Copying 1 resource from src\main\resources to target\classes
2026-01-22 11:05:56,060 [Worker-35: Building] INFO  o.a.m.s.f.DefaultMavenResourcesFiltering - Copying 0 resource from src\main\resources to target\classes
2026-01-22 11:05:56,066 [Worker-35: Building] INFO  o.a.m.s.f.DefaultMavenResourcesFiltering - skip non existing resourceDirectory D:\RESTapi\UserAndSkillService\UserAndSkill\src\test\resources
2026-01-22 11:06:28,532 [Worker-5: Building] INFO  o.a.m.s.f.DefaultMavenResourcesFiltering - Copying 1 resource from src\main\resources to target\classes
2026-01-22 11:06:28,538 [Worker-5: Building] INFO  o.a.m.s.f.DefaultMavenResourcesFiltering - Copying 0 resource from src\main\resources to target\classes
2026-01-22 11:06:28,545 [Worker-5: Building] INFO  o.a.m.s.f.DefaultMavenResourcesFiltering - skip non existing resourceDirectory D:\RESTapi\UserAndSkillService\UserAndSkill\src\test\resources
2026-01-22 11:06:33,810 [Worker-32: Building] INFO  o.a.m.s.f.DefaultMavenResourcesFiltering - Copying 1 resource from src\main\resources to target\classes
2026-01-22 11:06:33,826 [Worker-32: Building] INFO  o.a.m.s.f.DefaultMavenResourcesFiltering - Copying 0 resource from src\main\resources to target\classes
2026-01-22 11:06:33,834 [Worker-32: Building] INFO  o.a.m.s.f.DefaultMavenResourcesFiltering - skip non existing resourceDirectory D:\RESTapi\UserAndSkillService\UserAndSkill\src\test\resources
2026-01-22 11:06:35,000 [Worker-34: Building] INFO  o.a.m.s.f.DefaultMavenResourcesFiltering - Copying 1 resource from src\main\resources to target\classes
2026-01-22 11:06:35,003 [Worker-34: Building] INFO  o.a.m.s.f.DefaultMavenResourcesFiltering - Copying 0 resource from src\main\resources to target\classes
2026-01-22 11:06:35,006 [Worker-34: Building] INFO  o.a.m.s.f.DefaultMavenResourcesFiltering - skip non existing resourceDirectory D:\RESTapi\UserAndSkillService\UserAndSkill\src\test\resources
2026-01-22 11:07:05,657 [Worker-32: Building] INFO  o.a.m.s.f.DefaultMavenResourcesFiltering - Copying 1 resource from src\main\resources to target\classes
2026-01-22 11:07:05,662 [Worker-32: Building] INFO  o.a.m.s.f.DefaultMavenResourcesFiltering - Copying 0 resource from src\main\resources to target\classes
2026-01-22 11:07:05,665 [Worker-32: Building] INFO  o.a.m.s.f.DefaultMavenResourcesFiltering - skip non existing resourceDirectory D:\RESTapi\UserAndSkillService\UserAndSkill\src\test\resources
2026-01-22 11:10:04,317 [Worker-35: Building] INFO  o.a.m.s.f.DefaultMavenResourcesFiltering - Copying 1 resource from src\main\resources to target\classes
2026-01-22 11:10:04,323 [Worker-35: Building] INFO  o.a.m.s.f.DefaultMavenResourcesFiltering - Copying 0 resource from src\main\resources to target\classes
2026-01-22 11:10:04,328 [Worker-35: Building] INFO  o.a.m.s.f.DefaultMavenResourcesFiltering - skip non existing resourceDirectory D:\RESTapi\UserAndSkillService\UserAndSkill\src\test\resources
2026-01-22 11:14:29,094 [Stop Help Server] INFO  org.eclipse.jetty.server.Server - Stopped oejs.Server@49a9d9c3{STOPPING}[12.0.21,sto=0]
2026-01-22 11:14:29,099 [Stop Help Server] INFO  o.e.jetty.server.AbstractConnector - Stopped ServerConnector@41be9972{HTTP/1.1, (http/1.1)}{127.0.0.1:0}
2026-01-22 11:17:51,748 [Worker-7: Loading available Gradle versions] INFO  o.e.b.c.i.u.g.PublishedGradleVersions - Gradle version information cache is not available. Remote download required.
2026-01-22 11:19:41,404 [Worker-6: Loading available Gradle versions] INFO  o.e.b.c.i.u.g.PublishedGradleVersions - Gradle version information cache is not available. Remote download required.
2026-01-22 11:24:54,549 [Worker-7: Loading available Gradle versions] INFO  o.e.b.c.i.u.g.PublishedGradleVersions - Gradle version information cache is not available. Remote download required.
2026-01-22 11:25:05,203 [Worker-13: Building] INFO  o.e.m.c.i.l.LifecycleMappingFactory - Using org.eclipse.m2e.jdt.JarLifecycleMapping lifecycle mapping for MavenProject: com.example:UserAndSkill:0.0.1-SNAPSHOT @ D:\BarterBrainsProject\BarterBrains\RESTapi\UserAndSkillService\UserAndSkill\pom.xml.
2026-01-22 11:25:06,900 [Worker-13: Building] INFO  o.a.m.s.f.DefaultMavenResourcesFiltering - Copying 1 resource from src\main\resources to target\classes
2026-01-22 11:25:06,952 [Worker-13: Building] INFO  o.a.m.s.f.DefaultMavenResourcesFiltering - Copying 0 resource from src\main\resources to target\classes
2026-01-22 11:25:06,959 [Worker-13: Building] INFO  o.a.m.s.f.DefaultMavenResourcesFiltering - skip non existing resourceDirectory D:\BarterBrainsProject\BarterBrains\RESTapi\UserAndSkillService\UserAndSkill\src\test\resources
2026-01-22 11:25:41,719 [Worker-7: Loading available Gradle versions] INFO  o.e.b.c.i.u.g.PublishedGradleVersions - Gradle version information cache is not available. Remote download required.
2026-01-22 12:11:40,492 [Worker-4: Loading available Gradle versions] INFO  o.e.b.c.i.u.g.PublishedGradleVersions - Gradle version information cache is not available. Remote download required.
2026-01-22 12:16:32,520 [Worker-7: Building] INFO  o.a.m.s.f.DefaultMavenResourcesFiltering - Copying 1 resource from src\main\resources to target\classes
2026-01-22 12:16:32,571 [Worker-7: Building] INFO  o.a.m.s.f.DefaultMavenResourcesFiltering - Copying 0 resource from src\main\resources to target\classes
2026-01-22 12:16:32,582 [Worker-7: Building] INFO  o.a.m.s.f.DefaultMavenResourcesFiltering - skip non existing resourceDirectory D:\BarterBrainsProject\BarterBrains\RESTapi\UserAndSkillService\UserAndSkill\src\test\resources
2026-01-22 12:17:41,738 [Worker-6: Building] INFO  o.a.m.s.f.DefaultMavenResourcesFiltering - Copying 1 resource from src\main\resources to target\classes
2026-01-22 12:17:41,749 [Worker-6: Building] INFO  o.a.m.s.f.DefaultMavenResourcesFiltering - Copying 0 resource from src\main\resources to target\classes
2026-01-22 12:17:41,756 [Worker-6: Building] INFO  o.a.m.s.f.DefaultMavenResourcesFiltering - skip non existing resourceDirectory D:\BarterBrainsProject\BarterBrains\RESTapi\UserAndSkillService\UserAndSkill\src\test\resources
2026-01-22 12:17:52,338 [Worker-37: Building] INFO  o.a.m.s.f.DefaultMavenResourcesFiltering - Copying 1 resource from src\main\resources to target\classes
2026-01-22 12:17:52,345 [Worker-37: Building] INFO  o.a.m.s.f.DefaultMavenResourcesFiltering - Copying 0 resource from src\main\resources to target\classes
2026-01-22 12:17:52,419 [Worker-37: Building] INFO  o.a.m.s.f.DefaultMavenResourcesFiltering - skip non existing resourceDirectory D:\BarterBrainsProject\BarterBrains\RESTapi\UserAndSkillService\UserAndSkill\src\test\resources
2026-01-22 12:17:53,552 [Worker-35: Building] INFO  o.a.m.s.f.DefaultMavenResourcesFiltering - Copying 1 resource from src\main\resources to target\classes
2026-01-22 12:17:53,555 [Worker-35: Building] INFO  o.a.m.s.f.DefaultMavenResourcesFiltering - Copying 0 resource from src\main\resources to target\classes
2026-01-22 12:17:53,560 [Worker-35: Building] INFO  o.a.m.s.f.DefaultMavenResourcesFiltering - skip non existing resourceDirectory D:\BarterBrainsProject\BarterBrains\RESTapi\UserAndSkillService\UserAndSkill\src\test\resources
2026-01-22 12:18:37,130 [Worker-35: Building] INFO  o.a.m.s.f.DefaultMavenResourcesFiltering - Copying 1 resource from src\main\resources to target\classes
2026-01-22 12:18:37,134 [Worker-35: Building] INFO  o.a.m.s.f.DefaultMavenResourcesFiltering - Copying 0 resource from src\main\resources to target\classes
2026-01-22 12:18:37,139 [Worker-35: Building] INFO  o.a.m.s.f.DefaultMavenResourcesFiltering - skip non existing resourceDirectory D:\BarterBrainsProject\BarterBrains\RESTapi\UserAndSkillService\UserAndSkill\src\test\resources
2026-01-22 23:22:06,423 [Worker-6: Loading available Gradle versions] INFO  o.e.b.c.i.u.g.PublishedGradleVersions - Gradle version information cache is not available. Remote download required.
2026-01-22 23:22:48,607 [Worker-36: Importing Maven projects] INFO  o.e.m.c.i.l.LifecycleMappingFactory - Using org.eclipse.m2e.jdt.JarLifecycleMapping lifecycle mapping for MavenProject: com.example:UserAndSkill:0.0.1-SNAPSHOT @ C:\Projects\BarterBrains\RESTapi\UserAndSkillService\UserAndSkill\pom.xml.
2026-01-22 23:22:50,288 [Worker-36: Importing Maven projects] INFO  o.e.m.j.i.AbstractJavaProjectConfigurator - Adding source folder /UserAndSkill/src/main/java
2026-01-22 23:22:50,293 [Worker-36: Importing Maven projects] INFO  o.e.m.j.i.AbstractJavaProjectConfigurator - Adding resource folder /UserAndSkill/src/main/resources
2026-01-22 23:22:50,303 [Worker-36: Importing Maven projects] INFO  o.e.m.j.i.AbstractJavaProjectConfigurator - Adding resource folder /UserAndSkill/src/main/resources
2026-01-22 23:22:50,316 [Worker-36: Importing Maven projects] INFO  o.e.m.j.i.AbstractJavaProjectConfigurator - Adding source folder /UserAndSkill/src/test/java
2026-01-22 23:22:50,318 [Worker-36: Importing Maven projects] INFO  o.e.m.j.i.AbstractJavaProjectConfigurator - Adding resource folder /UserAndSkill/src/test/resources
2026-01-22 23:22:51,554 [Worker-36: Importing Maven projects] INFO  o.e.m.c.i.p.ProjectConfigurationManager - Imported and configured 1 project(s) in 7 sec
2026-01-22 23:22:54,973 [Worker-22: Building] INFO  o.a.m.s.f.DefaultMavenResourcesFiltering - Copying 1 resource from src\main\resources to target\classes
2026-01-22 23:22:55,000 [Worker-22: Building] INFO  o.a.m.s.f.DefaultMavenResourcesFiltering - Copying 0 resource from src\main\resources to target\classes
2026-01-22 23:22:55,009 [Worker-22: Building] INFO  o.a.m.s.f.DefaultMavenResourcesFiltering - skip non existing resourceDirectory C:\Projects\BarterBrains\RESTapi\UserAndSkillService\UserAndSkill\src\test\resources
2026-01-22 23:23:11,953 [Worker-8: Updating Maven Project] INFO  o.e.m.c.i.p.ProjectConfigurationManager - Update started
2026-01-22 23:23:12,474 [Worker-8: Updating Maven Project] INFO  o.e.m.c.i.l.LifecycleMappingFactory - Using org.eclipse.m2e.jdt.JarLifecycleMapping lifecycle mapping for MavenProject: com.example:UserAndSkill:0.0.1-SNAPSHOT @ C:\Projects\BarterBrains\RESTapi\UserAndSkillService\UserAndSkill\pom.xml.
2026-01-22 23:23:13,470 [Worker-8: Updating Maven Project] INFO  o.e.m.j.i.AbstractJavaProjectConfigurator - Adding source folder /UserAndSkill/src/main/java
2026-01-22 23:23:13,471 [Worker-8: Updating Maven Project] INFO  o.e.m.j.i.AbstractJavaProjectConfigurator - Adding resource folder /UserAndSkill/src/main/resources
2026-01-22 23:23:13,472 [Worker-8: Updating Maven Project] INFO  o.e.m.j.i.AbstractJavaProjectConfigurator - Adding resource folder /UserAndSkill/src/main/resources
2026-01-22 23:23:13,473 [Worker-8: Updating Maven Project] INFO  o.e.m.j.i.AbstractJavaProjectConfigurator - Adding source folder /UserAndSkill/src/test/java
2026-01-22 23:23:13,474 [Worker-8: Updating Maven Project] INFO  o.e.m.j.i.AbstractJavaProjectConfigurator - Adding resource folder /UserAndSkill/src/test/resources
2026-01-22 23:23:14,358 [Worker-8: Updating Maven Project] INFO  o.e.m.c.i.p.ProjectConfigurationManager - Update completed for 1 poms: local refresh takes 0.00 sec, refresh facades takes 1.00 sec, update config takes 0.00 sec 
2026-01-22 23:23:15,124 [Worker-4: Building] INFO  o.a.m.s.f.DefaultMavenResourcesFiltering - Copying 1 resource from src\main\resources to target\classes
2026-01-22 23:23:15,163 [Worker-4: Building] INFO  o.a.m.s.f.DefaultMavenResourcesFiltering - Copying 0 resource from src\main\resources to target\classes
2026-01-22 23:23:15,173 [Worker-4: Building] INFO  o.a.m.s.f.DefaultMavenResourcesFiltering - skip non existing resourceDirectory C:\Projects\BarterBrains\RESTapi\UserAndSkillService\UserAndSkill\src\test\resources
2026-01-22 23:25:31,288 [Worker-17: Building] INFO  o.a.m.s.f.DefaultMavenResourcesFiltering - Copying 1 resource from src\main\resources to target\classes
2026-01-22 23:25:31,295 [Worker-17: Building] INFO  o.a.m.s.f.DefaultMavenResourcesFiltering - Copying 0 resource from src\main\resources to target\classes
2026-01-22 23:25:31,300 [Worker-17: Building] INFO  o.a.m.s.f.DefaultMavenResourcesFiltering - skip non existing resourceDirectory C:\Projects\BarterBrains\RESTapi\UserAndSkillService\UserAndSkill\src\test\resources
2026-01-22 23:25:37,554 [Worker-32: Building] INFO  o.a.m.s.f.DefaultMavenResourcesFiltering - Copying 1 resource from src\main\resources to target\classes
2026-01-22 23:25:37,560 [Worker-32: Building] INFO  o.a.m.s.f.DefaultMavenResourcesFiltering - Copying 0 resource from src\main\resources to target\classes
2026-01-22 23:25:37,566 [Worker-32: Building] INFO  o.a.m.s.f.DefaultMavenResourcesFiltering - skip non existing resourceDirectory C:\Projects\BarterBrains\RESTapi\UserAndSkillService\UserAndSkill\src\test\resources
2026-01-22 23:27:18,120 [Worker-36: Building] INFO  o.a.m.s.f.DefaultMavenResourcesFiltering - Copying 1 resource from src\main\resources to target\classes
2026-01-22 23:27:18,127 [Worker-36: Building] INFO  o.a.m.s.f.DefaultMavenResourcesFiltering - Copying 0 resource from src\main\resources to target\classes
2026-01-22 23:27:18,134 [Worker-36: Building] INFO  o.a.m.s.f.DefaultMavenResourcesFiltering - skip non existing resourceDirectory C:\Projects\BarterBrains\RESTapi\UserAndSkillService\UserAndSkill\src\test\resources
2026-01-22 23:30:14,530 [Worker-43: Building] INFO  o.e.m.c.i.l.LifecycleMappingFactory - Using org.eclipse.m2e.jdt.JarLifecycleMapping lifecycle mapping for MavenProject: com.example:UserAndSkill:0.0.1-SNAPSHOT @ C:\Projects\BarterBrains\RESTapi\UserAndSkillService\UserAndSkill\pom.xml.
2026-01-22 23:30:14,935 [Worker-43: Building] INFO  o.e.m.c.i.e.AbstractTransferListenerAdapter - Downloading https://repo.maven.apache.org/maven2/org/springframework/boot/spring-boot-starter-web/3.2.1/spring-boot-starter-web-3.2.1.pom
2026-01-22 23:30:14,961 [Worker-43: Building] INFO  o.e.m.c.i.e.AbstractTransferListenerAdapter - Downloaded https://repo.maven.apache.org/maven2/org/springframework/boot/spring-boot-starter-web/3.2.1/spring-boot-starter-web-3.2.1.pom
2026-01-22 23:30:15,211 [Worker-43: Building] INFO  o.e.m.c.i.e.AbstractTransferListenerAdapter - Downloading https://repo.maven.apache.org/maven2/org/springframework/boot/spring-boot-starter-json/3.2.1/spring-boot-starter-json-3.2.1.pom
2026-01-22 23:30:15,219 [Worker-43: Building] INFO  o.e.m.c.i.e.AbstractTransferListenerAdapter - Downloaded https://repo.maven.apache.org/maven2/org/springframework/boot/spring-boot-starter-json/3.2.1/spring-boot-starter-json-3.2.1.pom
2026-01-22 23:30:15,364 [Worker-43: Building] INFO  o.e.m.c.i.e.AbstractTransferListenerAdapter - Downloading https://repo.maven.apache.org/maven2/org/springframework/spring-web/6.1.2/spring-web-6.1.2.pom
2026-01-22 23:30:15,371 [Worker-43: Building] INFO  o.e.m.c.i.e.AbstractTransferListenerAdapter - Downloaded https://repo.maven.apache.org/maven2/org/springframework/spring-web/6.1.2/spring-web-6.1.2.pom
2026-01-22 23:30:15,555 [Worker-43: Building] INFO  o.e.m.c.i.e.AbstractTransferListenerAdapter - Downloading https://repo.maven.apache.org/maven2/com/fasterxml/jackson/datatype/jackson-datatype-jdk8/2.15.3/jackson-datatype-jdk8-2.15.3.pom
2026-01-22 23:30:15,561 [Worker-43: Building] INFO  o.e.m.c.i.e.AbstractTransferListenerAdapter - Downloaded https://repo.maven.apache.org/maven2/com/fasterxml/jackson/datatype/jackson-datatype-jdk8/2.15.3/jackson-datatype-jdk8-2.15.3.pom
2026-01-22 23:30:15,592 [Worker-43: Building] INFO  o.e.m.c.i.e.AbstractTransferListenerAdapter - Downloading https://repo.maven.apache.org/maven2/com/fasterxml/jackson/module/jackson-modules-java8/2.15.3/jackson-modules-java8-2.15.3.pom
2026-01-22 23:30:15,598 [Worker-43: Building] INFO  o.e.m.c.i.e.AbstractTransferListenerAdapter - Downloaded https://repo.maven.apache.org/maven2/com/fasterxml/jackson/module/jackson-modules-java8/2.15.3/jackson-modules-java8-2.15.3.pom
2026-01-22 23:30:15,751 [Worker-43: Building] INFO  o.e.m.c.i.e.AbstractTransferListenerAdapter - Downloading https://repo.maven.apache.org/maven2/com/fasterxml/jackson/datatype/jackson-datatype-jsr310/2.15.3/jackson-datatype-jsr310-2.15.3.pom
2026-01-22 23:30:15,758 [Worker-43: Building] INFO  o.e.m.c.i.e.AbstractTransferListenerAdapter - Downloaded https://repo.maven.apache.org/maven2/com/fasterxml/jackson/datatype/jackson-datatype-jsr310/2.15.3/jackson-datatype-jsr310-2.15.3.pom
2026-01-22 23:30:15,922 [Worker-43: Building] INFO  o.e.m.c.i.e.AbstractTransferListenerAdapter - Downloading https://repo.maven.apache.org/maven2/com/fasterxml/jackson/module/jackson-module-parameter-names/2.15.3/jackson-module-parameter-names-2.15.3.pom
2026-01-22 23:30:15,928 [Worker-43: Building] INFO  o.e.m.c.i.e.AbstractTransferListenerAdapter - Downloaded https://repo.maven.apache.org/maven2/com/fasterxml/jackson/module/jackson-module-parameter-names/2.15.3/jackson-module-parameter-names-2.15.3.pom
2026-01-22 23:30:15,959 [Worker-43: Building] INFO  o.e.m.c.i.e.AbstractTransferListenerAdapter - Downloading https://repo.maven.apache.org/maven2/org/springframework/boot/spring-boot-starter-tomcat/3.2.1/spring-boot-starter-tomcat-3.2.1.pom
2026-01-22 23:30:15,966 [Worker-43: Building] INFO  o.e.m.c.i.e.AbstractTransferListenerAdapter - Downloaded https://repo.maven.apache.org/maven2/org/springframework/boot/spring-boot-starter-tomcat/3.2.1/spring-boot-starter-tomcat-3.2.1.pom
2026-01-22 23:30:16,146 [Worker-43: Building] INFO  o.e.m.c.i.e.AbstractTransferListenerAdapter - Downloading https://repo.maven.apache.org/maven2/org/apache/tomcat/embed/tomcat-embed-core/10.1.17/tomcat-embed-core-10.1.17.pom
2026-01-22 23:30:16,154 [Worker-43: Building] INFO  o.e.m.c.i.e.AbstractTransferListenerAdapter - Downloaded https://repo.maven.apache.org/maven2/org/apache/tomcat/embed/tomcat-embed-core/10.1.17/tomcat-embed-core-10.1.17.pom
2026-01-22 23:30:16,334 [Worker-43: Building] INFO  o.e.m.c.i.e.AbstractTransferListenerAdapter - Downloading https://repo.maven.apache.org/maven2/org/apache/tomcat/embed/tomcat-embed-el/10.1.17/tomcat-embed-el-10.1.17.pom
2026-01-22 23:30:16,339 [Worker-43: Building] INFO  o.e.m.c.i.e.AbstractTransferListenerAdapter - Downloaded https://repo.maven.apache.org/maven2/org/apache/tomcat/embed/tomcat-embed-el/10.1.17/tomcat-embed-el-10.1.17.pom
2026-01-22 23:30:16,371 [Worker-43: Building] INFO  o.e.m.c.i.e.AbstractTransferListenerAdapter - Downloading https://repo.maven.apache.org/maven2/org/apache/tomcat/embed/tomcat-embed-websocket/10.1.17/tomcat-embed-websocket-10.1.17.pom
2026-01-22 23:30:16,377 [Worker-43: Building] INFO  o.e.m.c.i.e.AbstractTransferListenerAdapter - Downloaded https://repo.maven.apache.org/maven2/org/apache/tomcat/embed/tomcat-embed-websocket/10.1.17/tomcat-embed-websocket-10.1.17.pom
2026-01-22 23:30:16,560 [Worker-43: Building] INFO  o.e.m.c.i.e.AbstractTransferListenerAdapter - Downloading https://repo.maven.apache.org/maven2/org/springframework/spring-webmvc/6.1.2/spring-webmvc-6.1.2.pom
2026-01-22 23:30:16,567 [Worker-43: Building] INFO  o.e.m.c.i.e.AbstractTransferListenerAdapter - Downloaded https://repo.maven.apache.org/maven2/org/springframework/spring-webmvc/6.1.2/spring-webmvc-6.1.2.pom
2026-01-22 23:30:16,766 [Worker-43: Building] INFO  o.e.m.c.i.e.AbstractTransferListenerAdapter - Downloading https://repo.maven.apache.org/maven2/org/springframework/boot/spring-boot-starter-security/3.2.1/spring-boot-starter-security-3.2.1.pom
2026-01-22 23:30:16,773 [Worker-43: Building] INFO  o.e.m.c.i.e.AbstractTransferListenerAdapter - Downloaded https://repo.maven.apache.org/maven2/org/springframework/boot/spring-boot-starter-security/3.2.1/spring-boot-starter-security-3.2.1.pom
2026-01-22 23:30:17,588 [Worker-43: Building] INFO  o.e.m.c.i.e.AbstractTransferListenerAdapter - Downloading https://repo.maven.apache.org/maven2/org/springframework/security/spring-security-config/6.2.1/spring-security-config-6.2.1.pom
2026-01-22 23:30:17,596 [Worker-43: Building] INFO  o.e.m.c.i.e.AbstractTransferListenerAdapter - Downloaded https://repo.maven.apache.org/maven2/org/springframework/security/spring-security-config/6.2.1/spring-security-config-6.2.1.pom
2026-01-22 23:30:17,760 [Worker-43: Building] INFO  o.e.m.c.i.e.AbstractTransferListenerAdapter - Downloading https://repo.maven.apache.org/maven2/org/springframework/security/spring-security-core/6.2.1/spring-security-core-6.2.1.pom
2026-01-22 23:30:17,768 [Worker-43: Building] INFO  o.e.m.c.i.e.AbstractTransferListenerAdapter - Downloaded https://repo.maven.apache.org/maven2/org/springframework/security/spring-security-core/6.2.1/spring-security-core-6.2.1.pom
2026-01-22 23:30:17,804 [Worker-43: Building] INFO  o.e.m.c.i.e.AbstractTransferListenerAdapter - Downloading https://repo.maven.apache.org/maven2/org/springframework/security/spring-security-web/6.2.1/spring-security-web-6.2.1.pom
2026-01-22 23:30:17,812 [Worker-43: Building] INFO  o.e.m.c.i.e.AbstractTransferListenerAdapter - Downloaded https://repo.maven.apache.org/maven2/org/springframework/security/spring-security-web/6.2.1/spring-security-web-6.2.1.pom
2026-01-22 23:30:18,161 [Worker-43: Building] INFO  o.e.m.c.i.e.AbstractTransferListenerAdapter - Downloading https://repo.maven.apache.org/maven2/org/springframework/boot/spring-boot-starter-web/3.2.1/spring-boot-starter-web-3.2.1.jar
2026-01-22 23:30:18,169 [Worker-43: Building] INFO  o.e.m.c.i.e.AbstractTransferListenerAdapter - Downloaded https://repo.maven.apache.org/maven2/org/springframework/boot/spring-boot-starter-web/3.2.1/spring-boot-starter-web-3.2.1.jar
2026-01-22 23:30:18,843 [BasicRepositoryConnector-repo.maven.apache.org-0-1] INFO  o.e.m.c.i.e.AbstractTransferListenerAdapter - Downloading https://repo.maven.apache.org/maven2/com/fasterxml/jackson/datatype/jackson-datatype-jdk8/2.15.3/jackson-datatype-jdk8-2.15.3.jar
2026-01-22 23:30:18,858 [BasicRepositoryConnector-repo.maven.apache.org-0-1] INFO  o.e.m.c.i.e.AbstractTransferListenerAdapter - Downloaded https://repo.maven.apache.org/maven2/com/fasterxml/jackson/datatype/jackson-datatype-jdk8/2.15.3/jackson-datatype-jdk8-2.15.3.jar
2026-01-22 23:30:18,872 [BasicRepositoryConnector-repo.maven.apache.org-0-0] INFO  o.e.m.c.i.e.AbstractTransferListenerAdapter - Downloading https://repo.maven.apache.org/maven2/org/springframework/boot/spring-boot-starter-json/3.2.1/spring-boot-starter-json-3.2.1.jar
2026-01-22 23:30:18,876 [BasicRepositoryConnector-repo.maven.apache.org-0-2] INFO  o.e.m.c.i.e.AbstractTransferListenerAdapter - Downloading https://repo.maven.apache.org/maven2/com/fasterxml/jackson/datatype/jackson-datatype-jsr310/2.15.3/jackson-datatype-jsr310-2.15.3.jar
2026-01-22 23:30:18,880 [BasicRepositoryConnector-repo.maven.apache.org-0-0] INFO  o.e.m.c.i.e.AbstractTransferListenerAdapter - Downloaded https://repo.maven.apache.org/maven2/org/springframework/boot/spring-boot-starter-json/3.2.1/spring-boot-starter-json-3.2.1.jar
2026-01-22 23:30:18,881 [BasicRepositoryConnector-repo.maven.apache.org-0-4] INFO  o.e.m.c.i.e.AbstractTransferListenerAdapter - Downloading https://repo.maven.apache.org/maven2/org/springframework/boot/spring-boot-starter-tomcat/3.2.1/spring-boot-starter-tomcat-3.2.1.jar
2026-01-22 23:30:18,882 [BasicRepositoryConnector-repo.maven.apache.org-0-1] INFO  o.e.m.c.i.e.AbstractTransferListenerAdapter - Downloading https://repo.maven.apache.org/maven2/org/apache/tomcat/embed/tomcat-embed-core/10.1.17/tomcat-embed-core-10.1.17.jar
2026-01-22 23:30:18,890 [BasicRepositoryConnector-repo.maven.apache.org-0-4] INFO  o.e.m.c.i.e.AbstractTransferListenerAdapter - Downloaded https://repo.maven.apache.org/maven2/org/springframework/boot/spring-boot-starter-tomcat/3.2.1/spring-boot-starter-tomcat-3.2.1.jar
2026-01-22 23:30:18,904 [BasicRepositoryConnector-repo.maven.apache.org-0-3] INFO  o.e.m.c.i.e.AbstractTransferListenerAdapter - Downloading https://repo.maven.apache.org/maven2/com/fasterxml/jackson/module/jackson-module-parameter-names/2.15.3/jackson-module-parameter-names-2.15.3.jar
2026-01-22 23:30:18,906 [BasicRepositoryConnector-repo.maven.apache.org-0-2] INFO  o.e.m.c.i.e.AbstractTransferListenerAdapter - Downloaded https://repo.maven.apache.org/maven2/com/fasterxml/jackson/datatype/jackson-datatype-jsr310/2.15.3/jackson-datatype-jsr310-2.15.3.jar
2026-01-22 23:30:18,913 [BasicRepositoryConnector-repo.maven.apache.org-0-3] INFO  o.e.m.c.i.e.AbstractTransferListenerAdapter - Downloaded https://repo.maven.apache.org/maven2/com/fasterxml/jackson/module/jackson-module-parameter-names/2.15.3/jackson-module-parameter-names-2.15.3.jar
2026-01-22 23:30:18,922 [BasicRepositoryConnector-repo.maven.apache.org-0-0] INFO  o.e.m.c.i.e.AbstractTransferListenerAdapter - Downloading https://repo.maven.apache.org/maven2/org/apache/tomcat/embed/tomcat-embed-el/10.1.17/tomcat-embed-el-10.1.17.jar
2026-01-22 23:30:18,955 [BasicRepositoryConnector-repo.maven.apache.org-0-4] INFO  o.e.m.c.i.e.AbstractTransferListenerAdapter - Downloading https://repo.maven.apache.org/maven2/org/apache/tomcat/embed/tomcat-embed-websocket/10.1.17/tomcat-embed-websocket-10.1.17.jar
2026-01-22 23:30:18,969 [BasicRepositoryConnector-repo.maven.apache.org-0-2] INFO  o.e.m.c.i.e.AbstractTransferListenerAdapter - Downloading https://repo.maven.apache.org/maven2/org/springframework/spring-web/6.1.2/spring-web-6.1.2.jar
2026-01-22 23:30:18,971 [BasicRepositoryConnector-repo.maven.apache.org-0-3] INFO  o.e.m.c.i.e.AbstractTransferListenerAdapter - Downloading https://repo.maven.apache.org/maven2/org/springframework/spring-webmvc/6.1.2/spring-webmvc-6.1.2.jar
2026-01-22 23:30:19,048 [BasicRepositoryConnector-repo.maven.apache.org-0-0] INFO  o.e.m.c.i.e.AbstractTransferListenerAdapter - Downloaded https://repo.maven.apache.org/maven2/org/apache/tomcat/embed/tomcat-embed-el/10.1.17/tomcat-embed-el-10.1.17.jar
2026-01-22 23:30:19,101 [BasicRepositoryConnector-repo.maven.apache.org-0-0] INFO  o.e.m.c.i.e.AbstractTransferListenerAdapter - Downloading https://repo.maven.apache.org/maven2/org/springframework/boot/spring-boot-starter-security/3.2.1/spring-boot-starter-security-3.2.1.jar
2026-01-22 23:30:19,108 [BasicRepositoryConnector-repo.maven.apache.org-0-0] INFO  o.e.m.c.i.e.AbstractTransferListenerAdapter - Downloaded https://repo.maven.apache.org/maven2/org/springframework/boot/spring-boot-starter-security/3.2.1/spring-boot-starter-security-3.2.1.jar
2026-01-22 23:30:19,227 [BasicRepositoryConnector-repo.maven.apache.org-0-0] INFO  o.e.m.c.i.e.AbstractTransferListenerAdapter - Downloading https://repo.maven.apache.org/maven2/org/springframework/security/spring-security-config/6.2.1/spring-security-config-6.2.1.jar
2026-01-22 23:30:19,699 [BasicRepositoryConnector-repo.maven.apache.org-0-4] INFO  o.e.m.c.i.e.AbstractTransferListenerAdapter - Downloaded https://repo.maven.apache.org/maven2/org/apache/tomcat/embed/tomcat-embed-websocket/10.1.17/tomcat-embed-websocket-10.1.17.jar
2026-01-22 23:30:19,794 [BasicRepositoryConnector-repo.maven.apache.org-0-4] INFO  o.e.m.c.i.e.AbstractTransferListenerAdapter - Downloading https://repo.maven.apache.org/maven2/org/springframework/security/spring-security-core/6.2.1/spring-security-core-6.2.1.jar
2026-01-22 23:30:19,808 [BasicRepositoryConnector-repo.maven.apache.org-0-1] INFO  o.e.m.c.i.e.AbstractTransferListenerAdapter - Downloaded https://repo.maven.apache.org/maven2/org/apache/tomcat/embed/tomcat-embed-core/10.1.17/tomcat-embed-core-10.1.17.jar
2026-01-22 23:30:19,842 [BasicRepositoryConnector-repo.maven.apache.org-0-1] INFO  o.e.m.c.i.e.AbstractTransferListenerAdapter - Downloading https://repo.maven.apache.org/maven2/org/springframework/security/spring-security-web/6.2.1/spring-security-web-6.2.1.jar
2026-01-22 23:30:20,198 [BasicRepositoryConnector-repo.maven.apache.org-0-3] INFO  o.e.m.c.i.e.AbstractTransferListenerAdapter - Downloaded https://repo.maven.apache.org/maven2/org/springframework/spring-webmvc/6.1.2/spring-webmvc-6.1.2.jar
2026-01-22 23:30:20,203 [BasicRepositoryConnector-repo.maven.apache.org-0-1] INFO  o.e.m.c.i.e.AbstractTransferListenerAdapter - Downloaded https://repo.maven.apache.org/maven2/org/springframework/security/spring-security-web/6.2.1/spring-security-web-6.2.1.jar
2026-01-22 23:30:20,553 [BasicRepositoryConnector-repo.maven.apache.org-0-4] INFO  o.e.m.c.i.e.AbstractTransferListenerAdapter - Downloaded https://repo.maven.apache.org/maven2/org/springframework/security/spring-security-core/6.2.1/spring-security-core-6.2.1.jar
2026-01-22 23:30:20,671 [BasicRepositoryConnector-repo.maven.apache.org-0-2] INFO  o.e.m.c.i.e.AbstractTransferListenerAdapter - Downloaded https://repo.maven.apache.org/maven2/org/springframework/spring-web/6.1.2/spring-web-6.1.2.jar
2026-01-22 23:30:21,489 [BasicRepositoryConnector-repo.maven.apache.org-0-0] INFO  o.e.m.c.i.e.AbstractTransferListenerAdapter - Downloaded https://repo.maven.apache.org/maven2/org/springframework/security/spring-security-config/6.2.1/spring-security-config-6.2.1.jar
2026-01-22 23:30:22,068 [Worker-43: Building] INFO  o.a.m.s.f.DefaultMavenResourcesFiltering - Copying 0 resource from src\main\resources to target\classes
2026-01-22 23:30:22,070 [Worker-43: Building] INFO  o.a.m.s.f.DefaultMavenResourcesFiltering - Copying 0 resource from src\main\resources to target\classes
2026-01-22 23:30:22,077 [Worker-43: Building] INFO  o.a.m.s.f.DefaultMavenResourcesFiltering - skip non existing resourceDirectory C:\Projects\BarterBrains\RESTapi\UserAndSkillService\UserAndSkill\src\test\resources
2026-01-22 23:30:22,115 [Worker-43: Building] INFO  o.e.m.c.i.e.AbstractTransferListenerAdapter - Downloading https://repo.maven.apache.org/maven2/org/apache/maven/plugins/maven-surefire-plugin/3.1.2/maven-surefire-plugin-3.1.2.pom
2026-01-22 23:30:22,121 [Worker-43: Building] INFO  o.e.m.c.i.e.AbstractTransferListenerAdapter - Downloaded https://repo.maven.apache.org/maven2/org/apache/maven/plugins/maven-surefire-plugin/3.1.2/maven-surefire-plugin-3.1.2.pom
2026-01-22 23:30:22,169 [Worker-43: Building] INFO  o.e.m.c.i.e.AbstractTransferListenerAdapter - Downloading https://repo.maven.apache.org/maven2/org/apache/maven/surefire/surefire/3.1.2/surefire-3.1.2.pom
2026-01-22 23:30:22,175 [Worker-43: Building] INFO  o.e.m.c.i.e.AbstractTransferListenerAdapter - Downloaded https://repo.maven.apache.org/maven2/org/apache/maven/surefire/surefire/3.1.2/surefire-3.1.2.pom
2026-01-22 23:30:22,236 [Worker-43: Building] INFO  o.e.m.c.i.e.AbstractTransferListenerAdapter - Downloading https://repo.maven.apache.org/maven2/org/codehaus/plexus/plexus-utils/3.3.0/plexus-utils-3.3.0.pom
2026-01-22 23:30:22,242 [Worker-43: Building] INFO  o.e.m.c.i.e.AbstractTransferListenerAdapter - Downloaded https://repo.maven.apache.org/maven2/org/codehaus/plexus/plexus-utils/3.3.0/plexus-utils-3.3.0.pom
2026-01-22 23:30:22,327 [Worker-43: Building] INFO  o.e.m.c.i.e.AbstractTransferListenerAdapter - Downloading https://repo.maven.apache.org/maven2/org/codehaus/plexus/plexus-utils/3.4.2/plexus-utils-3.4.2.pom
2026-01-22 23:30:22,332 [Worker-43: Building] INFO  o.e.m.c.i.e.AbstractTransferListenerAdapter - Downloaded https://repo.maven.apache.org/maven2/org/codehaus/plexus/plexus-utils/3.4.2/plexus-utils-3.4.2.pom
2026-01-22 23:30:22,371 [Worker-43: Building] INFO  o.e.m.c.i.e.AbstractTransferListenerAdapter - Downloading https://repo.maven.apache.org/maven2/org/codehaus/plexus/plexus/8/plexus-8.pom
2026-01-22 23:30:22,377 [Worker-43: Building] INFO  o.e.m.c.i.e.AbstractTransferListenerAdapter - Downloaded https://repo.maven.apache.org/maven2/org/codehaus/plexus/plexus/8/plexus-8.pom
2026-01-22 23:30:22,443 [Worker-43: Building] INFO  o.e.m.c.i.e.AbstractTransferListenerAdapter - Downloading https://repo.maven.apache.org/maven2/org/codehaus/plexus/plexus-archiver/4.4.0/plexus-archiver-4.4.0.jar
2026-01-22 23:30:22,644 [Worker-43: Building] INFO  o.e.m.c.i.e.AbstractTransferListenerAdapter - Downloaded https://repo.maven.apache.org/maven2/org/codehaus/plexus/plexus-archiver/4.4.0/plexus-archiver-4.4.0.jar
2026-01-22 23:30:22,687 [BasicRepositoryConnector-repo.maven.apache.org-1-1] INFO  o.e.m.c.i.e.AbstractTransferListenerAdapter - Downloading https://repo.maven.apache.org/maven2/org/codehaus/plexus/plexus-utils/3.4.2/plexus-utils-3.4.2.jar
2026-01-22 23:30:22,687 [BasicRepositoryConnector-repo.maven.apache.org-1-0] INFO  o.e.m.c.i.e.AbstractTransferListenerAdapter - Downloading https://repo.maven.apache.org/maven2/org/apache/commons/commons-compress/1.21/commons-compress-1.21.jar
2026-01-22 23:30:22,762 [Worker-42: Download sources and javadoc] INFO  o.e.m.c.i.e.AbstractTransferListenerAdapter - Downloading https://repo.maven.apache.org/maven2/org/springframework/boot/spring-boot-starter-web/3.2.1/spring-boot-starter-web-3.2.1-sources.jar
2026-01-22 23:30:22,770 [Worker-42: Download sources and javadoc] INFO  o.e.m.c.i.e.AbstractTransferListenerAdapter - Downloaded https://repo.maven.apache.org/maven2/org/springframework/boot/spring-boot-starter-web/3.2.1/spring-boot-starter-web-3.2.1-sources.jar
2026-01-22 23:30:22,775 [Worker-42: Download sources and javadoc] INFO  o.e.m.j.internal.DownloadSourcesJob - Downloaded sources for org.springframework.boot:spring-boot-starter-web:3.2.1
2026-01-22 23:30:22,830 [Worker-42: Download sources and javadoc] INFO  o.e.m.c.i.e.AbstractTransferListenerAdapter - Downloading https://repo.maven.apache.org/maven2/org/springframework/boot/spring-boot-starter-json/3.2.1/spring-boot-starter-json-3.2.1-sources.jar
2026-01-22 23:30:22,836 [Worker-42: Download sources and javadoc] INFO  o.e.m.c.i.e.AbstractTransferListenerAdapter - Downloaded https://repo.maven.apache.org/maven2/org/springframework/boot/spring-boot-starter-json/3.2.1/spring-boot-starter-json-3.2.1-sources.jar
2026-01-22 23:30:22,840 [Worker-42: Download sources and javadoc] INFO  o.e.m.j.internal.DownloadSourcesJob - Downloaded sources for org.springframework.boot:spring-boot-starter-json:3.2.1
2026-01-22 23:30:22,904 [Worker-42: Download sources and javadoc] INFO  o.e.m.c.i.e.AbstractTransferListenerAdapter - Downloading https://repo.maven.apache.org/maven2/com/fasterxml/jackson/datatype/jackson-datatype-jdk8/2.15.3/jackson-datatype-jdk8-2.15.3-sources.jar
2026-01-22 23:30:22,911 [Worker-42: Download sources and javadoc] INFO  o.e.m.c.i.e.AbstractTransferListenerAdapter - Downloaded https://repo.maven.apache.org/maven2/com/fasterxml/jackson/datatype/jackson-datatype-jdk8/2.15.3/jackson-datatype-jdk8-2.15.3-sources.jar
2026-01-22 23:30:22,911 [BasicRepositoryConnector-repo.maven.apache.org-1-1] INFO  o.e.m.c.i.e.AbstractTransferListenerAdapter - Downloaded https://repo.maven.apache.org/maven2/org/codehaus/plexus/plexus-utils/3.4.2/plexus-utils-3.4.2.jar
2026-01-22 23:30:22,916 [Worker-42: Download sources and javadoc] INFO  o.e.m.j.internal.DownloadSourcesJob - Downloaded sources for com.fasterxml.jackson.datatype:jackson-datatype-jdk8:2.15.3
2026-01-22 23:30:23,054 [BasicRepositoryConnector-repo.maven.apache.org-1-0] INFO  o.e.m.c.i.e.AbstractTransferListenerAdapter - Downloaded https://repo.maven.apache.org/maven2/org/apache/commons/commons-compress/1.21/commons-compress-1.21.jar
2026-01-22 23:30:23,073 [Worker-42: Download sources and javadoc] INFO  o.e.m.c.i.e.AbstractTransferListenerAdapter - Downloading https://repo.maven.apache.org/maven2/com/fasterxml/jackson/datatype/jackson-datatype-jsr310/2.15.3/jackson-datatype-jsr310-2.15.3-sources.jar
2026-01-22 23:30:23,090 [Worker-42: Download sources and javadoc] INFO  o.e.m.c.i.e.AbstractTransferListenerAdapter - Downloaded https://repo.maven.apache.org/maven2/com/fasterxml/jackson/datatype/jackson-datatype-jsr310/2.15.3/jackson-datatype-jsr310-2.15.3-sources.jar
2026-01-22 23:30:23,095 [Worker-42: Download sources and javadoc] INFO  o.e.m.j.internal.DownloadSourcesJob - Downloaded sources for com.fasterxml.jackson.datatype:jackson-datatype-jsr310:2.15.3
2026-01-22 23:30:23,164 [Worker-42: Download sources and javadoc] INFO  o.e.m.c.i.e.AbstractTransferListenerAdapter - Downloading https://repo.maven.apache.org/maven2/com/fasterxml/jackson/module/jackson-module-parameter-names/2.15.3/jackson-module-parameter-names-2.15.3-sources.jar
2026-01-22 23:30:23,172 [Worker-42: Download sources and javadoc] INFO  o.e.m.c.i.e.AbstractTransferListenerAdapter - Downloaded https://repo.maven.apache.org/maven2/com/fasterxml/jackson/module/jackson-module-parameter-names/2.15.3/jackson-module-parameter-names-2.15.3-sources.jar
2026-01-22 23:30:23,182 [Worker-42: Download sources and javadoc] INFO  o.e.m.j.internal.DownloadSourcesJob - Downloaded sources for com.fasterxml.jackson.module:jackson-module-parameter-names:2.15.3
2026-01-22 23:30:23,247 [Worker-42: Download sources and javadoc] INFO  o.e.m.c.i.e.AbstractTransferListenerAdapter - Downloading https://repo.maven.apache.org/maven2/org/springframework/boot/spring-boot-starter-tomcat/3.2.1/spring-boot-starter-tomcat-3.2.1-sources.jar
2026-01-22 23:30:23,263 [Worker-42: Download sources and javadoc] INFO  o.e.m.c.i.e.AbstractTransferListenerAdapter - Downloaded https://repo.maven.apache.org/maven2/org/springframework/boot/spring-boot-starter-tomcat/3.2.1/spring-boot-starter-tomcat-3.2.1-sources.jar
2026-01-22 23:30:23,270 [Worker-42: Download sources and javadoc] INFO  o.e.m.j.internal.DownloadSourcesJob - Downloaded sources for org.springframework.boot:spring-boot-starter-tomcat:3.2.1
2026-01-22 23:30:23,340 [Worker-42: Download sources and javadoc] INFO  o.e.m.c.i.e.AbstractTransferListenerAdapter - Downloading https://repo.maven.apache.org/maven2/org/apache/tomcat/embed/tomcat-embed-core/10.1.17/tomcat-embed-core-10.1.17-sources.jar
2026-01-22 23:30:23,837 [Worker-5: Updating Maven Project] INFO  o.e.m.c.i.p.ProjectConfigurationManager - Update started
2026-01-22 23:30:23,841 [Worker-42: Download sources and javadoc] INFO  o.e.m.c.i.e.AbstractTransferListenerAdapter - Downloaded https://repo.maven.apache.org/maven2/org/apache/tomcat/embed/tomcat-embed-core/10.1.17/tomcat-embed-core-10.1.17-sources.jar
2026-01-22 23:30:23,848 [Worker-42: Download sources and javadoc] INFO  o.e.m.j.internal.DownloadSourcesJob - Downloaded sources for org.apache.tomcat.embed:tomcat-embed-core:10.1.17
2026-01-22 23:30:23,908 [Worker-42: Download sources and javadoc] INFO  o.e.m.c.i.e.AbstractTransferListenerAdapter - Downloading https://repo.maven.apache.org/maven2/org/apache/tomcat/embed/tomcat-embed-el/10.1.17/tomcat-embed-el-10.1.17-sources.jar
2026-01-22 23:30:23,938 [Worker-42: Download sources and javadoc] INFO  o.e.m.c.i.e.AbstractTransferListenerAdapter - Downloaded https://repo.maven.apache.org/maven2/org/apache/tomcat/embed/tomcat-embed-el/10.1.17/tomcat-embed-el-10.1.17-sources.jar
2026-01-22 23:30:23,943 [Worker-42: Download sources and javadoc] INFO  o.e.m.j.internal.DownloadSourcesJob - Downloaded sources for org.apache.tomcat.embed:tomcat-embed-el:10.1.17
2026-01-22 23:30:24,727 [Worker-5: Updating Maven Project] INFO  o.e.m.c.i.l.LifecycleMappingFactory - Using org.eclipse.m2e.jdt.JarLifecycleMapping lifecycle mapping for MavenProject: com.example:UserAndSkill:0.0.1-SNAPSHOT @ C:\Projects\BarterBrains\RESTapi\UserAndSkillService\UserAndSkill\pom.xml.
2026-01-22 23:30:24,732 [Worker-42: Download sources and javadoc] INFO  o.e.m.c.i.e.AbstractTransferListenerAdapter - Downloading https://repo.maven.apache.org/maven2/org/apache/tomcat/embed/tomcat-embed-websocket/10.1.17/tomcat-embed-websocket-10.1.17-sources.jar
2026-01-22 23:30:24,770 [Worker-42: Download sources and javadoc] INFO  o.e.m.c.i.e.AbstractTransferListenerAdapter - Downloaded https://repo.maven.apache.org/maven2/org/apache/tomcat/embed/tomcat-embed-websocket/10.1.17/tomcat-embed-websocket-10.1.17-sources.jar
2026-01-22 23:30:24,776 [Worker-42: Download sources and javadoc] INFO  o.e.m.j.internal.DownloadSourcesJob - Downloaded sources for org.apache.tomcat.embed:tomcat-embed-websocket:10.1.17
2026-01-22 23:30:24,834 [Worker-42: Download sources and javadoc] INFO  o.e.m.c.i.e.AbstractTransferListenerAdapter - Downloading https://repo.maven.apache.org/maven2/org/springframework/spring-web/6.1.2/spring-web-6.1.2-sources.jar
2026-01-22 23:30:24,974 [Worker-42: Download sources and javadoc] INFO  o.e.m.c.i.e.AbstractTransferListenerAdapter - Downloaded https://repo.maven.apache.org/maven2/org/springframework/spring-web/6.1.2/spring-web-6.1.2-sources.jar
2026-01-22 23:30:24,980 [Worker-42: Download sources and javadoc] INFO  o.e.m.j.internal.DownloadSourcesJob - Downloaded sources for org.springframework:spring-web:6.1.2
2026-01-22 23:30:25,031 [Worker-42: Download sources and javadoc] INFO  o.e.m.c.i.e.AbstractTransferListenerAdapter - Downloading https://repo.maven.apache.org/maven2/org/springframework/spring-webmvc/6.1.2/spring-webmvc-6.1.2-sources.jar
2026-01-22 23:30:25,123 [Worker-42: Download sources and javadoc] INFO  o.e.m.c.i.e.AbstractTransferListenerAdapter - Downloaded https://repo.maven.apache.org/maven2/org/springframework/spring-webmvc/6.1.2/spring-webmvc-6.1.2-sources.jar
2026-01-22 23:30:25,128 [Worker-42: Download sources and javadoc] INFO  o.e.m.j.internal.DownloadSourcesJob - Downloaded sources for org.springframework:spring-webmvc:6.1.2
2026-01-22 23:30:25,181 [Worker-42: Download sources and javadoc] INFO  o.e.m.c.i.e.AbstractTransferListenerAdapter - Downloading https://repo.maven.apache.org/maven2/org/springframework/boot/spring-boot-starter-security/3.2.1/spring-boot-starter-security-3.2.1-sources.jar
2026-01-22 23:30:25,197 [Worker-42: Download sources and javadoc] INFO  o.e.m.c.i.e.AbstractTransferListenerAdapter - Downloaded https://repo.maven.apache.org/maven2/org/springframework/boot/spring-boot-starter-security/3.2.1/spring-boot-starter-security-3.2.1-sources.jar
2026-01-22 23:30:25,202 [Worker-42: Download sources and javadoc] INFO  o.e.m.j.internal.DownloadSourcesJob - Downloaded sources for org.springframework.boot:spring-boot-starter-security:3.2.1
2026-01-22 23:30:25,265 [Worker-42: Download sources and javadoc] INFO  o.e.m.c.i.e.AbstractTransferListenerAdapter - Downloading https://repo.maven.apache.org/maven2/org/springframework/security/spring-security-config/6.2.1/spring-security-config-6.2.1-sources.jar
2026-01-22 23:30:25,392 [Worker-42: Download sources and javadoc] INFO  o.e.m.c.i.e.AbstractTransferListenerAdapter - Downloaded https://repo.maven.apache.org/maven2/org/springframework/security/spring-security-config/6.2.1/spring-security-config-6.2.1-sources.jar
2026-01-22 23:30:25,398 [Worker-42: Download sources and javadoc] INFO  o.e.m.j.internal.DownloadSourcesJob - Downloaded sources for org.springframework.security:spring-security-config:6.2.1
2026-01-22 23:30:25,452 [Worker-5: Updating Maven Project] INFO  o.e.m.j.i.AbstractJavaProjectConfigurator - Adding source folder /UserAndSkill/src/main/java
2026-01-22 23:30:25,453 [Worker-5: Updating Maven Project] INFO  o.e.m.j.i.AbstractJavaProjectConfigurator - Adding resource folder /UserAndSkill/src/main/resources
2026-01-22 23:30:25,454 [Worker-5: Updating Maven Project] INFO  o.e.m.j.i.AbstractJavaProjectConfigurator - Adding resource folder /UserAndSkill/src/main/resources
2026-01-22 23:30:25,455 [Worker-5: Updating Maven Project] INFO  o.e.m.j.i.AbstractJavaProjectConfigurator - Adding source folder /UserAndSkill/src/test/java
2026-01-22 23:30:25,456 [Worker-5: Updating Maven Project] INFO  o.e.m.j.i.AbstractJavaProjectConfigurator - Adding resource folder /UserAndSkill/src/test/resources
2026-01-22 23:30:25,457 [Worker-42: Download sources and javadoc] INFO  o.e.m.c.i.e.AbstractTransferListenerAdapter - Downloading https://repo.maven.apache.org/maven2/org/springframework/security/spring-security-core/6.2.1/spring-security-core-6.2.1-sources.jar
2026-01-22 23:30:25,509 [Worker-42: Download sources and javadoc] INFO  o.e.m.c.i.e.AbstractTransferListenerAdapter - Downloaded https://repo.maven.apache.org/maven2/org/springframework/security/spring-security-core/6.2.1/spring-security-core-6.2.1-sources.jar
2026-01-22 23:30:25,514 [Worker-42: Download sources and javadoc] INFO  o.e.m.j.internal.DownloadSourcesJob - Downloaded sources for org.springframework.security:spring-security-core:6.2.1
2026-01-22 23:30:25,571 [Worker-42: Download sources and javadoc] INFO  o.e.m.c.i.e.AbstractTransferListenerAdapter - Downloading https://repo.maven.apache.org/maven2/org/springframework/security/spring-security-web/6.2.1/spring-security-web-6.2.1-sources.jar
2026-01-22 23:30:25,635 [Worker-42: Download sources and javadoc] INFO  o.e.m.c.i.e.AbstractTransferListenerAdapter - Downloaded https://repo.maven.apache.org/maven2/org/springframework/security/spring-security-web/6.2.1/spring-security-web-6.2.1-sources.jar
2026-01-22 23:30:25,640 [Worker-42: Download sources and javadoc] INFO  o.e.m.j.internal.DownloadSourcesJob - Downloaded sources for org.springframework.security:spring-security-web:6.2.1
2026-01-22 23:30:26,057 [Worker-5: Updating Maven Project] INFO  o.e.m.c.i.p.ProjectConfigurationManager - Update completed for 1 poms: local refresh takes 0.00 sec, refresh facades takes 1.00 sec, update config takes 0.00 sec 
2026-01-22 23:30:26,321 [Worker-45: Updating Maven Project] INFO  o.e.m.c.i.p.ProjectConfigurationManager - Update started
2026-01-22 23:30:26,736 [Worker-45: Updating Maven Project] INFO  o.e.m.c.i.l.LifecycleMappingFactory - Using org.eclipse.m2e.jdt.JarLifecycleMapping lifecycle mapping for MavenProject: com.example:UserAndSkill:0.0.1-SNAPSHOT @ C:\Projects\BarterBrains\RESTapi\UserAndSkillService\UserAndSkill\pom.xml.
2026-01-22 23:30:27,641 [Worker-45: Updating Maven Project] INFO  o.e.m.j.i.AbstractJavaProjectConfigurator - Adding source folder /UserAndSkill/src/main/java
2026-01-22 23:30:27,642 [Worker-45: Updating Maven Project] INFO  o.e.m.j.i.AbstractJavaProjectConfigurator - Adding resource folder /UserAndSkill/src/main/resources
2026-01-22 23:30:27,643 [Worker-45: Updating Maven Project] INFO  o.e.m.j.i.AbstractJavaProjectConfigurator - Adding resource folder /UserAndSkill/src/main/resources
2026-01-22 23:30:27,643 [Worker-45: Updating Maven Project] INFO  o.e.m.j.i.AbstractJavaProjectConfigurator - Adding source folder /UserAndSkill/src/test/java
2026-01-22 23:30:27,644 [Worker-45: Updating Maven Project] INFO  o.e.m.j.i.AbstractJavaProjectConfigurator - Adding resource folder /UserAndSkill/src/test/resources
2026-01-22 23:30:28,189 [Worker-45: Updating Maven Project] INFO  o.e.m.c.i.p.ProjectConfigurationManager - Update completed for 1 poms: local refresh takes 0.00 sec, refresh facades takes 1.00 sec, update config takes 0.00 sec 
2026-01-22 23:30:28,878 [Worker-43: Building] INFO  o.a.m.s.f.DefaultMavenResourcesFiltering - Copying 1 resource from src\main\resources to target\classes
2026-01-22 23:30:28,897 [Worker-43: Building] INFO  o.a.m.s.f.DefaultMavenResourcesFiltering - Copying 0 resource from src\main\resources to target\classes
2026-01-22 23:30:28,903 [Worker-43: Building] INFO  o.a.m.s.f.DefaultMavenResourcesFiltering - skip non existing resourceDirectory C:\Projects\BarterBrains\RESTapi\UserAndSkillService\UserAndSkill\src\test\resources
2026-01-22 23:32:09,106 [Worker-42: Launching Executing clean in C__Projects_BarterBrains_RESTapi_UserAndSkillService_UserAndSkill] INFO  o.eclipse.m2e.core.internal.Bundles - getClasspathEntries(Bundle=org.eclipse.m2e.maven.runtime_3.9.900.20250220-2013 [640])
2026-01-22 23:32:09,109 [Worker-42: Launching Executing clean in C__Projects_BarterBrains_RESTapi_UserAndSkillService_UserAndSkill] INFO  o.eclipse.m2e.core.internal.Bundles - 	Entry: C:\Users\ganes\OneDrive\Desktop\DAC\Setup\eclipse\plugins\org.eclipse.m2e.maven.runtime_3.9.900.20250220-2013
2026-01-22 23:32:09,110 [Worker-42: Launching Executing clean in C__Projects_BarterBrains_RESTapi_UserAndSkillService_UserAndSkill] INFO  o.eclipse.m2e.core.internal.Bundles - 	Entry: C:\Users\ganes\OneDrive\Desktop\DAC\Setup\eclipse\plugins\org.eclipse.m2e.maven.runtime_3.9.900.20250220-2013\jars\aopalliance-1.0.jar
2026-01-22 23:32:09,110 [Worker-42: Launching Executing clean in C__Projects_BarterBrains_RESTapi_UserAndSkillService_UserAndSkill] INFO  o.eclipse.m2e.core.internal.Bundles - 	Entry: C:\Users\ganes\OneDrive\Desktop\DAC\Setup\eclipse\plugins\org.eclipse.m2e.maven.runtime_3.9.900.20250220-2013\jars\guice-5.1.0.jar
2026-01-22 23:32:09,110 [Worker-42: Launching Executing clean in C__Projects_BarterBrains_RESTapi_UserAndSkillService_UserAndSkill] INFO  o.eclipse.m2e.core.internal.Bundles - 	Entry: C:\Users\ganes\OneDrive\Desktop\DAC\Setup\eclipse\plugins\org.eclipse.m2e.maven.runtime_3.9.900.20250220-2013\jars\httpclient-4.5.14.jar
2026-01-22 23:32:09,110 [Worker-42: Launching Executing clean in C__Projects_BarterBrains_RESTapi_UserAndSkillService_UserAndSkill] INFO  o.eclipse.m2e.core.internal.Bundles - 	Entry: C:\Users\ganes\OneDrive\Desktop\DAC\Setup\eclipse\plugins\org.eclipse.m2e.maven.runtime_3.9.900.20250220-2013\jars\httpcore-4.4.16.jar
2026-01-22 23:32:09,111 [Worker-42: Launching Executing clean in C__Projects_BarterBrains_RESTapi_UserAndSkillService_UserAndSkill] INFO  o.eclipse.m2e.core.internal.Bundles - 	Entry: C:\Users\ganes\OneDrive\Desktop\DAC\Setup\eclipse\plugins\org.eclipse.m2e.maven.runtime_3.9.900.20250220-2013\jars\jansi-2.4.1.jar
2026-01-22 23:32:09,111 [Worker-42: Launching Executing clean in C__Projects_BarterBrains_RESTapi_UserAndSkillService_UserAndSkill] INFO  o.eclipse.m2e.core.internal.Bundles - 	Entry: C:\Users\ganes\OneDrive\Desktop\DAC\Setup\eclipse\plugins\org.eclipse.m2e.maven.runtime_3.9.900.20250220-2013\jars\jcl-over-slf4j-1.7.36.jar
2026-01-22 23:32:09,111 [Worker-42: Launching Executing clean in C__Projects_BarterBrains_RESTapi_UserAndSkillService_UserAndSkill] INFO  o.eclipse.m2e.core.internal.Bundles - 	Entry: C:\Users\ganes\OneDrive\Desktop\DAC\Setup\eclipse\plugins\org.eclipse.m2e.maven.runtime_3.9.900.20250220-2013\jars\maven-artifact-3.9.9.jar
2026-01-22 23:32:09,111 [Worker-42: Launching Executing clean in C__Projects_BarterBrains_RESTapi_UserAndSkillService_UserAndSkill] INFO  o.eclipse.m2e.core.internal.Bundles - 	Entry: C:\Users\ganes\OneDrive\Desktop\DAC\Setup\eclipse\plugins\org.eclipse.m2e.maven.runtime_3.9.900.20250220-2013\jars\maven-builder-support-3.9.9.jar
2026-01-22 23:32:09,112 [Worker-42: Launching Executing clean in C__Projects_BarterBrains_RESTapi_UserAndSkillService_UserAndSkill] INFO  o.eclipse.m2e.core.internal.Bundles - 	Entry: C:\Users\ganes\OneDrive\Desktop\DAC\Setup\eclipse\plugins\org.eclipse.m2e.maven.runtime_3.9.900.20250220-2013\jars\maven-compat-3.9.9.jar
2026-01-22 23:32:09,112 [Worker-42: Launching Executing clean in C__Projects_BarterBrains_RESTapi_UserAndSkillService_UserAndSkill] INFO  o.eclipse.m2e.core.internal.Bundles - 	Entry: C:\Users\ganes\OneDrive\Desktop\DAC\Setup\eclipse\plugins\org.eclipse.m2e.maven.runtime_3.9.900.20250220-2013\jars\maven-core-3.9.9.jar
2026-01-22 23:32:09,112 [Worker-42: Launching Executing clean in C__Projects_BarterBrains_RESTapi_UserAndSkillService_UserAndSkill] INFO  o.eclipse.m2e.core.internal.Bundles - 	Entry: C:\Users\ganes\OneDrive\Desktop\DAC\Setup\eclipse\plugins\org.eclipse.m2e.maven.runtime_3.9.900.20250220-2013\jars\maven-embedder-3.9.9.jar
2026-01-22 23:32:09,113 [Worker-42: Launching Executing clean in C__Projects_BarterBrains_RESTapi_UserAndSkillService_UserAndSkill] INFO  o.eclipse.m2e.core.internal.Bundles - 	Entry: C:\Users\ganes\OneDrive\Desktop\DAC\Setup\eclipse\plugins\org.eclipse.m2e.maven.runtime_3.9.900.20250220-2013\jars\maven-model-3.9.9.jar
2026-01-22 23:32:09,113 [Worker-42: Launching Executing clean in C__Projects_BarterBrains_RESTapi_UserAndSkillService_UserAndSkill] INFO  o.eclipse.m2e.core.internal.Bundles - 	Entry: C:\Users\ganes\OneDrive\Desktop\DAC\Setup\eclipse\plugins\org.eclipse.m2e.maven.runtime_3.9.900.20250220-2013\jars\maven-model-builder-3.9.9.jar
2026-01-22 23:32:09,113 [Worker-42: Launching Executing clean in C__Projects_BarterBrains_RESTapi_UserAndSkillService_UserAndSkill] INFO  o.eclipse.m2e.core.internal.Bundles - 	Entry: C:\Users\ganes\OneDrive\Desktop\DAC\Setup\eclipse\plugins\org.eclipse.m2e.maven.runtime_3.9.900.20250220-2013\jars\maven-plugin-api-3.9.9.jar
2026-01-22 23:32:09,113 [Worker-42: Launching Executing clean in C__Projects_BarterBrains_RESTapi_UserAndSkillService_UserAndSkill] INFO  o.eclipse.m2e.core.internal.Bundles - 	Entry: C:\Users\ganes\OneDrive\Desktop\DAC\Setup\eclipse\plugins\org.eclipse.m2e.maven.runtime_3.9.900.20250220-2013\jars\maven-repository-metadata-3.9.9.jar
2026-01-22 23:32:09,114 [Worker-42: Launching Executing clean in C__Projects_BarterBrains_RESTapi_UserAndSkillService_UserAndSkill] INFO  o.eclipse.m2e.core.internal.Bundles - 	Entry: C:\Users\ganes\OneDrive\Desktop\DAC\Setup\eclipse\plugins\org.eclipse.m2e.maven.runtime_3.9.900.20250220-2013\jars\maven-resolver-api-1.9.22.jar
2026-01-22 23:32:09,114 [Worker-42: Launching Executing clean in C__Projects_BarterBrains_RESTapi_UserAndSkillService_UserAndSkill] INFO  o.eclipse.m2e.core.internal.Bundles - 	Entry: C:\Users\ganes\OneDrive\Desktop\DAC\Setup\eclipse\plugins\org.eclipse.m2e.maven.runtime_3.9.900.20250220-2013\jars\maven-resolver-connector-basic-1.9.22.jar
2026-01-22 23:32:09,114 [Worker-42: Launching Executing clean in C__Projects_BarterBrains_RESTapi_UserAndSkillService_UserAndSkill] INFO  o.eclipse.m2e.core.internal.Bundles - 	Entry: C:\Users\ganes\OneDrive\Desktop\DAC\Setup\eclipse\plugins\org.eclipse.m2e.maven.runtime_3.9.900.20250220-2013\jars\maven-resolver-impl-1.9.22.jar
2026-01-22 23:32:09,114 [Worker-42: Launching Executing clean in C__Projects_BarterBrains_RESTapi_UserAndSkillService_UserAndSkill] INFO  o.eclipse.m2e.core.internal.Bundles - 	Entry: C:\Users\ganes\OneDrive\Desktop\DAC\Setup\eclipse\plugins\org.eclipse.m2e.maven.runtime_3.9.900.20250220-2013\jars\maven-resolver-named-locks-1.9.22.jar
2026-01-22 23:32:09,115 [Worker-42: Launching Executing clean in C__Projects_BarterBrains_RESTapi_UserAndSkillService_UserAndSkill] INFO  o.eclipse.m2e.core.internal.Bundles - 	Entry: C:\Users\ganes\OneDrive\Desktop\DAC\Setup\eclipse\plugins\org.eclipse.m2e.maven.runtime_3.9.900.20250220-2013\jars\maven-resolver-provider-3.9.9.jar
2026-01-22 23:32:09,115 [Worker-42: Launching Executing clean in C__Projects_BarterBrains_RESTapi_UserAndSkillService_UserAndSkill] INFO  o.eclipse.m2e.core.internal.Bundles - 	Entry: C:\Users\ganes\OneDrive\Desktop\DAC\Setup\eclipse\plugins\org.eclipse.m2e.maven.runtime_3.9.900.20250220-2013\jars\maven-resolver-spi-1.9.22.jar
2026-01-22 23:32:09,115 [Worker-42: Launching Executing clean in C__Projects_BarterBrains_RESTapi_UserAndSkillService_UserAndSkill] INFO  o.eclipse.m2e.core.internal.Bundles - 	Entry: C:\Users\ganes\OneDrive\Desktop\DAC\Setup\eclipse\plugins\org.eclipse.m2e.maven.runtime_3.9.900.20250220-2013\jars\maven-resolver-transport-file-1.9.22.jar
2026-01-22 23:32:09,115 [Worker-42: Launching Executing clean in C__Projects_BarterBrains_RESTapi_UserAndSkillService_UserAndSkill] INFO  o.eclipse.m2e.core.internal.Bundles - 	Entry: C:\Users\ganes\OneDrive\Desktop\DAC\Setup\eclipse\plugins\org.eclipse.m2e.maven.runtime_3.9.900.20250220-2013\jars\maven-resolver-transport-http-1.9.22.jar
2026-01-22 23:32:09,116 [Worker-42: Launching Executing clean in C__Projects_BarterBrains_RESTapi_UserAndSkillService_UserAndSkill] INFO  o.eclipse.m2e.core.internal.Bundles - 	Entry: C:\Users\ganes\OneDrive\Desktop\DAC\Setup\eclipse\plugins\org.eclipse.m2e.maven.runtime_3.9.900.20250220-2013\jars\maven-resolver-transport-wagon-1.9.22.jar
2026-01-22 23:32:09,116 [Worker-42: Launching Executing clean in C__Projects_BarterBrains_RESTapi_UserAndSkillService_UserAndSkill] INFO  o.eclipse.m2e.core.internal.Bundles - 	Entry: C:\Users\ganes\OneDrive\Desktop\DAC\Setup\eclipse\plugins\org.eclipse.m2e.maven.runtime_3.9.900.20250220-2013\jars\maven-resolver-util-1.9.22.jar
2026-01-22 23:32:09,116 [Worker-42: Launching Executing clean in C__Projects_BarterBrains_RESTapi_UserAndSkillService_UserAndSkill] INFO  o.eclipse.m2e.core.internal.Bundles - 	Entry: C:\Users\ganes\OneDrive\Desktop\DAC\Setup\eclipse\plugins\org.eclipse.m2e.maven.runtime_3.9.900.20250220-2013\jars\maven-settings-3.9.9.jar
2026-01-22 23:32:09,116 [Worker-42: Launching Executing clean in C__Projects_BarterBrains_RESTapi_UserAndSkillService_UserAndSkill] INFO  o.eclipse.m2e.core.internal.Bundles - 	Entry: C:\Users\ganes\OneDrive\Desktop\DAC\Setup\eclipse\plugins\org.eclipse.m2e.maven.runtime_3.9.900.20250220-2013\jars\maven-settings-builder-3.9.9.jar
2026-01-22 23:32:09,117 [Worker-42: Launching Executing clean in C__Projects_BarterBrains_RESTapi_UserAndSkillService_UserAndSkill] INFO  o.eclipse.m2e.core.internal.Bundles - 	Entry: C:\Users\ganes\OneDrive\Desktop\DAC\Setup\eclipse\plugins\org.eclipse.m2e.maven.runtime_3.9.900.20250220-2013\jars\maven-shared-utils-3.4.2.jar
2026-01-22 23:32:09,117 [Worker-42: Launching Executing clean in C__Projects_BarterBrains_RESTapi_UserAndSkillService_UserAndSkill] INFO  o.eclipse.m2e.core.internal.Bundles - 	Entry: C:\Users\ganes\OneDrive\Desktop\DAC\Setup\eclipse\plugins\org.eclipse.m2e.maven.runtime_3.9.900.20250220-2013\jars\org.eclipse.sisu.inject-0.9.0.M3.jar
2026-01-22 23:32:09,117 [Worker-42: Launching Executing clean in C__Projects_BarterBrains_RESTapi_UserAndSkillService_UserAndSkill] INFO  o.eclipse.m2e.core.internal.Bundles - 	Entry: C:\Users\ganes\OneDrive\Desktop\DAC\Setup\eclipse\plugins\org.eclipse.m2e.maven.runtime_3.9.900.20250220-2013\jars\org.eclipse.sisu.plexus-0.9.0.M3.jar
2026-01-22 23:32:09,117 [Worker-42: Launching Executing clean in C__Projects_BarterBrains_RESTapi_UserAndSkillService_UserAndSkill] INFO  o.eclipse.m2e.core.internal.Bundles - 	Entry: C:\Users\ganes\OneDrive\Desktop\DAC\Setup\eclipse\plugins\org.eclipse.m2e.maven.runtime_3.9.900.20250220-2013\jars\plexus-build-api-0.0.7.jar
2026-01-22 23:32:09,118 [Worker-42: Launching Executing clean in C__Projects_BarterBrains_RESTapi_UserAndSkillService_UserAndSkill] INFO  o.eclipse.m2e.core.internal.Bundles - 	Entry: C:\Users\ganes\OneDrive\Desktop\DAC\Setup\eclipse\plugins\org.eclipse.m2e.maven.runtime_3.9.900.20250220-2013\jars\plexus-build-api-1.2.0.jar
2026-01-22 23:32:09,118 [Worker-42: Launching Executing clean in C__Projects_BarterBrains_RESTapi_UserAndSkillService_UserAndSkill] INFO  o.eclipse.m2e.core.internal.Bundles - 	Entry: C:\Users\ganes\OneDrive\Desktop\DAC\Setup\eclipse\plugins\org.eclipse.m2e.maven.runtime_3.9.900.20250220-2013\jars\plexus-cipher-2.0.jar
2026-01-22 23:32:09,118 [Worker-42: Launching Executing clean in C__Projects_BarterBrains_RESTapi_UserAndSkillService_UserAndSkill] INFO  o.eclipse.m2e.core.internal.Bundles - 	Entry: C:\Users\ganes\OneDrive\Desktop\DAC\Setup\eclipse\plugins\org.eclipse.m2e.maven.runtime_3.9.900.20250220-2013\jars\plexus-classworlds-2.8.0.jar
2026-01-22 23:32:09,118 [Worker-42: Launching Executing clean in C__Projects_BarterBrains_RESTapi_UserAndSkillService_UserAndSkill] INFO  o.eclipse.m2e.core.internal.Bundles - 	Entry: C:\Users\ganes\OneDrive\Desktop\DAC\Setup\eclipse\plugins\org.eclipse.m2e.maven.runtime_3.9.900.20250220-2013\jars\plexus-component-annotations-2.1.0.jar
2026-01-22 23:32:09,118 [Worker-42: Launching Executing clean in C__Projects_BarterBrains_RESTapi_UserAndSkillService_UserAndSkill] INFO  o.eclipse.m2e.core.internal.Bundles - 	Entry: C:\Users\ganes\OneDrive\Desktop\DAC\Setup\eclipse\plugins\org.eclipse.m2e.maven.runtime_3.9.900.20250220-2013\jars\plexus-interpolation-1.27.jar
2026-01-22 23:32:09,119 [Worker-42: Launching Executing clean in C__Projects_BarterBrains_RESTapi_UserAndSkillService_UserAndSkill] INFO  o.eclipse.m2e.core.internal.Bundles - 	Entry: C:\Users\ganes\OneDrive\Desktop\DAC\Setup\eclipse\plugins\org.eclipse.m2e.maven.runtime_3.9.900.20250220-2013\jars\plexus-sec-dispatcher-2.0.jar
2026-01-22 23:32:09,119 [Worker-42: Launching Executing clean in C__Projects_BarterBrains_RESTapi_UserAndSkillService_UserAndSkill] INFO  o.eclipse.m2e.core.internal.Bundles - 	Entry: C:\Users\ganes\OneDrive\Desktop\DAC\Setup\eclipse\plugins\org.eclipse.m2e.maven.runtime_3.9.900.20250220-2013\jars\plexus-utils-3.5.1.jar
2026-01-22 23:32:09,119 [Worker-42: Launching Executing clean in C__Projects_BarterBrains_RESTapi_UserAndSkillService_UserAndSkill] INFO  o.eclipse.m2e.core.internal.Bundles - 	Entry: C:\Users\ganes\OneDrive\Desktop\DAC\Setup\eclipse\plugins\org.eclipse.m2e.maven.runtime_3.9.900.20250220-2013\jars\plexus-xml-3.0.1.jar
2026-01-22 23:32:09,119 [Worker-42: Launching Executing clean in C__Projects_BarterBrains_RESTapi_UserAndSkillService_UserAndSkill] INFO  o.eclipse.m2e.core.internal.Bundles - 	Entry: C:\Users\ganes\OneDrive\Desktop\DAC\Setup\eclipse\plugins\org.eclipse.m2e.maven.runtime_3.9.900.20250220-2013\jars\wagon-file-3.5.3.jar
2026-01-22 23:32:09,120 [Worker-42: Launching Executing clean in C__Projects_BarterBrains_RESTapi_UserAndSkillService_UserAndSkill] INFO  o.eclipse.m2e.core.internal.Bundles - 	Entry: C:\Users\ganes\OneDrive\Desktop\DAC\Setup\eclipse\plugins\org.eclipse.m2e.maven.runtime_3.9.900.20250220-2013\jars\wagon-http-3.5.3.jar
2026-01-22 23:32:09,120 [Worker-42: Launching Executing clean in C__Projects_BarterBrains_RESTapi_UserAndSkillService_UserAndSkill] INFO  o.eclipse.m2e.core.internal.Bundles - 	Entry: C:\Users\ganes\OneDrive\Desktop\DAC\Setup\eclipse\plugins\org.eclipse.m2e.maven.runtime_3.9.900.20250220-2013\jars\wagon-http-shared-3.5.3.jar
2026-01-22 23:32:09,120 [Worker-42: Launching Executing clean in C__Projects_BarterBrains_RESTapi_UserAndSkillService_UserAndSkill] INFO  o.eclipse.m2e.core.internal.Bundles - 	Entry: C:\Users\ganes\OneDrive\Desktop\DAC\Setup\eclipse\plugins\org.eclipse.m2e.maven.runtime_3.9.900.20250220-2013\jars\wagon-provider-api-3.5.3.jar
2026-01-22 23:32:09,123 [Worker-42: Launching Executing clean in C__Projects_BarterBrains_RESTapi_UserAndSkillService_UserAndSkill] INFO  o.eclipse.m2e.core.internal.Bundles - getClasspathEntries(Bundle=com.google.guava_33.4.8.jre [18])
2026-01-22 23:32:09,124 [Worker-42: Launching Executing clean in C__Projects_BarterBrains_RESTapi_UserAndSkillService_UserAndSkill] INFO  o.eclipse.m2e.core.internal.Bundles - 	Entry: C:\Users\ganes\OneDrive\Desktop\DAC\Setup\eclipse\plugins\com.google.guava_33.4.8.jre.jar
2026-01-22 23:32:09,124 [Worker-42: Launching Executing clean in C__Projects_BarterBrains_RESTapi_UserAndSkillService_UserAndSkill] INFO  o.eclipse.m2e.core.internal.Bundles - getClasspathEntries(Bundle=slf4j.api_2.0.17 [1006])
2026-01-22 23:32:09,125 [Worker-42: Launching Executing clean in C__Projects_BarterBrains_RESTapi_UserAndSkillService_UserAndSkill] INFO  o.eclipse.m2e.core.internal.Bundles - 	Entry: C:\Users\ganes\OneDrive\Desktop\DAC\Setup\eclipse\plugins\slf4j.api_2.0.17.jar
2026-01-22 23:32:09,125 [Worker-42: Launching Executing clean in C__Projects_BarterBrains_RESTapi_UserAndSkillService_UserAndSkill] INFO  o.eclipse.m2e.core.internal.Bundles - getClasspathEntries(Bundle=jakarta.inject.jakarta.inject-api_1.0.5 [35])
2026-01-22 23:32:09,126 [Worker-42: Launching Executing clean in C__Projects_BarterBrains_RESTapi_UserAndSkillService_UserAndSkill] INFO  o.eclipse.m2e.core.internal.Bundles - 	Entry: C:\Users\ganes\OneDrive\Desktop\DAC\Setup\eclipse\plugins\jakarta.inject.jakarta.inject-api_1.0.5.jar
2026-01-22 23:32:09,126 [Worker-42: Launching Executing clean in C__Projects_BarterBrains_RESTapi_UserAndSkillService_UserAndSkill] INFO  o.eclipse.m2e.core.internal.Bundles - getClasspathEntries(Bundle=javax.annotation_1.3.5.v20200909-1856 [45])
2026-01-22 23:32:09,127 [Worker-42: Launching Executing clean in C__Projects_BarterBrains_RESTapi_UserAndSkillService_UserAndSkill] INFO  o.eclipse.m2e.core.internal.Bundles - 	Entry: C:\Users\ganes\OneDrive\Desktop\DAC\Setup\eclipse\plugins\javax.annotation_1.3.5.v20200909-1856.jar
2026-01-22 23:32:09,127 [Worker-42: Launching Executing clean in C__Projects_BarterBrains_RESTapi_UserAndSkillService_UserAndSkill] INFO  o.eclipse.m2e.core.internal.Bundles - getClasspathEntries(Bundle=org.apache.commons.cli_1.9.0 [76])
2026-01-22 23:32:09,128 [Worker-42: Launching Executing clean in C__Projects_BarterBrains_RESTapi_UserAndSkillService_UserAndSkill] INFO  o.eclipse.m2e.core.internal.Bundles - 	Entry: C:\Users\ganes\OneDrive\Desktop\DAC\Setup\eclipse\plugins\org.apache.commons.cli_1.9.0.jar
2026-01-22 23:32:09,128 [Worker-42: Launching Executing clean in C__Projects_BarterBrains_RESTapi_UserAndSkillService_UserAndSkill] INFO  o.eclipse.m2e.core.internal.Bundles - getClasspathEntries(Bundle=org.apache.commons.commons-codec_1.16.0 [78])
2026-01-22 23:32:09,129 [Worker-42: Launching Executing clean in C__Projects_BarterBrains_RESTapi_UserAndSkillService_UserAndSkill] INFO  o.eclipse.m2e.core.internal.Bundles - 	Entry: C:\Users\ganes\OneDrive\Desktop\DAC\Setup\eclipse\plugins\org.apache.commons.commons-codec_1.16.0.jar
2026-01-22 23:32:09,129 [Worker-42: Launching Executing clean in C__Projects_BarterBrains_RESTapi_UserAndSkillService_UserAndSkill] INFO  o.eclipse.m2e.core.internal.Bundles - getClasspathEntries(Bundle=com.google.guava.failureaccess_1.0.3 [19])
2026-01-22 23:32:09,130 [Worker-42: Launching Executing clean in C__Projects_BarterBrains_RESTapi_UserAndSkillService_UserAndSkill] INFO  o.eclipse.m2e.core.internal.Bundles - 	Entry: C:\Users\ganes\OneDrive\Desktop\DAC\Setup\eclipse\plugins\com.google.guava.failureaccess_1.0.3.jar
2026-01-22 23:32:09,134 [Worker-42: Launching Executing clean in C__Projects_BarterBrains_RESTapi_UserAndSkillService_UserAndSkill] INFO  o.e.m.i.launch.MavenLaunchDelegate - Run build in "C:\Projects\BarterBrains\RESTapi\UserAndSkillService\UserAndSkill":
2026-01-22 23:32:09,142 [Worker-42: Launching Executing clean in C__Projects_BarterBrains_RESTapi_UserAndSkillService_UserAndSkill] INFO  o.e.m.i.launch.MavenLaunchDelegate -  mvn  -B -Dstyle.color=always clean
2026-01-22 23:32:13,920 [Worker-51: Building] INFO  o.a.m.s.f.DefaultMavenResourcesFiltering - Copying 1 resource from src\main\resources to target\classes
2026-01-22 23:32:13,923 [Worker-51: Building] INFO  o.a.m.s.f.DefaultMavenResourcesFiltering - Copying 0 resource from src\main\resources to target\classes
2026-01-22 23:32:13,927 [Worker-51: Building] INFO  o.a.m.s.f.DefaultMavenResourcesFiltering - skip non existing resourceDirectory C:\Projects\BarterBrains\RESTapi\UserAndSkillService\UserAndSkill\src\test\resources
2026-01-22 23:32:46,189 [Worker-42: Updating Maven Project] INFO  o.e.m.c.i.p.ProjectConfigurationManager - Update started
2026-01-22 23:32:46,550 [Worker-42: Updating Maven Project] INFO  o.e.m.c.i.l.LifecycleMappingFactory - Using org.eclipse.m2e.jdt.JarLifecycleMapping lifecycle mapping for MavenProject: com.example:UserAndSkill:0.0.1-SNAPSHOT @ C:\Projects\BarterBrains\RESTapi\UserAndSkillService\UserAndSkill\pom.xml.
2026-01-22 23:32:47,133 [Worker-42: Updating Maven Project] INFO  o.e.m.j.i.AbstractJavaProjectConfigurator - Adding source folder /UserAndSkill/src/main/java
2026-01-22 23:32:47,134 [Worker-42: Updating Maven Project] INFO  o.e.m.j.i.AbstractJavaProjectConfigurator - Adding resource folder /UserAndSkill/src/main/resources
2026-01-22 23:32:47,135 [Worker-42: Updating Maven Project] INFO  o.e.m.j.i.AbstractJavaProjectConfigurator - Adding resource folder /UserAndSkill/src/main/resources
2026-01-22 23:32:47,135 [Worker-42: Updating Maven Project] INFO  o.e.m.j.i.AbstractJavaProjectConfigurator - Adding source folder /UserAndSkill/src/test/java
2026-01-22 23:32:47,136 [Worker-42: Updating Maven Project] INFO  o.e.m.j.i.AbstractJavaProjectConfigurator - Adding resource folder /UserAndSkill/src/test/resources
2026-01-22 23:32:47,558 [Worker-42: Updating Maven Project] INFO  o.e.m.c.i.p.ProjectConfigurationManager - Update completed for 1 poms: local refresh takes 0.00 sec, refresh facades takes 0.00 sec, update config takes 0.00 sec 
2026-01-22 23:32:48,021 [Worker-47: Building] INFO  o.a.m.s.f.DefaultMavenResourcesFiltering - Copying 1 resource from src\main\resources to target\classes
2026-01-22 23:32:48,046 [Worker-47: Building] INFO  o.a.m.s.f.DefaultMavenResourcesFiltering - Copying 0 resource from src\main\resources to target\classes
2026-01-22 23:32:48,052 [Worker-47: Building] INFO  o.a.m.s.f.DefaultMavenResourcesFiltering - skip non existing resourceDirectory C:\Projects\BarterBrains\RESTapi\UserAndSkillService\UserAndSkill\src\test\resources
2026-01-22 23:34:39,942 [Worker-32: Building] INFO  o.a.m.s.f.DefaultMavenResourcesFiltering - Copying 1 resource from src\main\resources to target\classes
2026-01-22 23:34:39,948 [Worker-32: Building] INFO  o.a.m.s.f.DefaultMavenResourcesFiltering - Copying 0 resource from src\main\resources to target\classes
2026-01-22 23:34:39,953 [Worker-32: Building] INFO  o.a.m.s.f.DefaultMavenResourcesFiltering - skip non existing resourceDirectory C:\Projects\BarterBrains\RESTapi\UserAndSkillService\UserAndSkill\src\test\resources
2026-01-22 23:36:42,522 [Worker-54: Launching UserAndSkill - UserAndSkillApplication] INFO  o.a.m.s.f.DefaultMavenResourcesFiltering - Copying 1 resource from src\main\resources to target\classes
2026-01-22 23:36:42,540 [Worker-54: Launching UserAndSkill - UserAndSkillApplication] INFO  o.a.m.s.f.DefaultMavenResourcesFiltering - Copying 0 resource from src\main\resources to target\classes
2026-01-22 23:36:42,544 [Worker-54: Launching UserAndSkill - UserAndSkillApplication] INFO  o.a.m.s.f.DefaultMavenResourcesFiltering - skip non existing resourceDirectory C:\Projects\BarterBrains\RESTapi\UserAndSkillService\UserAndSkill\src\test\resources
2026-01-22 23:39:29,520 [Worker-57: Building] INFO  o.a.m.s.f.DefaultMavenResourcesFiltering - Copying 0 resource from src\main\resources to target\classes
2026-01-22 23:39:29,521 [Worker-57: Building] INFO  o.a.m.s.f.DefaultMavenResourcesFiltering - Copying 0 resource from src\main\resources to target\classes
2026-01-22 23:39:29,526 [Worker-57: Building] INFO  o.a.m.s.f.DefaultMavenResourcesFiltering - skip non existing resourceDirectory C:\Projects\BarterBrains\RESTapi\UserAndSkillService\UserAndSkill\src\test\resources
2026-01-22 23:39:30,592 [Worker-58: Building] INFO  o.a.m.s.f.DefaultMavenResourcesFiltering - Copying 0 resource from src\main\resources to target\classes
2026-01-22 23:39:30,593 [Worker-58: Building] INFO  o.a.m.s.f.DefaultMavenResourcesFiltering - Copying 0 resource from src\main\resources to target\classes
2026-01-22 23:39:30,597 [Worker-58: Building] INFO  o.a.m.s.f.DefaultMavenResourcesFiltering - skip non existing resourceDirectory C:\Projects\BarterBrains\RESTapi\UserAndSkillService\UserAndSkill\src\test\resources
2026-01-22 23:39:31,659 [Worker-59: Building] INFO  o.a.m.s.f.DefaultMavenResourcesFiltering - Copying 0 resource from src\main\resources to target\classes
2026-01-22 23:39:31,660 [Worker-59: Building] INFO  o.a.m.s.f.DefaultMavenResourcesFiltering - Copying 0 resource from src\main\resources to target\classes
2026-01-22 23:39:31,663 [Worker-59: Building] INFO  o.a.m.s.f.DefaultMavenResourcesFiltering - skip non existing resourceDirectory C:\Projects\BarterBrains\RESTapi\UserAndSkillService\UserAndSkill\src\test\resources
2026-01-22 23:39:41,737 [Worker-59: Launching UserAndSkill - UserAndSkillApplication] INFO  o.a.m.s.f.DefaultMavenResourcesFiltering - Copying 1 resource from src\main\resources to target\classes
2026-01-22 23:39:41,765 [Worker-59: Launching UserAndSkill - UserAndSkillApplication] INFO  o.a.m.s.f.DefaultMavenResourcesFiltering - Copying 0 resource from src\main\resources to target\classes
2026-01-22 23:39:41,774 [Worker-59: Launching UserAndSkill - UserAndSkillApplication] INFO  o.a.m.s.f.DefaultMavenResourcesFiltering - skip non existing resourceDirectory C:\Projects\BarterBrains\RESTapi\UserAndSkillService\UserAndSkill\src\test\resources
